<?xml version="1.0" encoding="UTF-8"?>
<testsuite xmlns:xsi="http://www.w3.org/2001/XMLSchema-instance" xsi:noNamespaceSchemaLocation="https://maven.apache.org/surefire/maven-surefire-plugin/xsd/surefire-test-report-3.0.xsd" version="3.0" name="org.cms.jposee.integration.POSSimulationTest" time="2.983" tests="2" errors="0" skipped="0" failures="0">
  <properties>
[...]
</properties>
  <testcase name="testMultiplePOSTransactionFlow" classname="org.cms.jposee.integration.POSSimulationTest" time="2.66">
    <system-out><![CDATA[23:38:43.308 [main] DEBUG org.jboss.logging - Logging Provider: org.jboss.logging.Slf4jLoggerProvider
23:38:43.450 [main] DEBUG org.hibernate.jpa.HibernatePersistenceProvider - Located and parsed 1 persistence units; checking each
23:38:43.451 [main] DEBUG org.hibernate.jpa.HibernatePersistenceProvider - Checking persistence-unit [name=jposee-persistence, explicit-provider=null] against incoming persistence unit name [jposee-persistence]
23:38:43.451 [main] DEBUG org.hibernate.jpa.boot.spi.ProviderChecker - No PersistenceProvider explicitly requested, assuming Hibernate
23:38:43.455 [main] DEBUG org.hibernate.jpa.internal.util.LogHelper - PersistenceUnitInfo [
	name: jposee-persistence
	persistence provider classname: null
	classloader: null
	excludeUnlistedClasses: false
	JTA datasource: null
	Non JTA datasource: null
	Transaction type: RESOURCE_LOCAL
	PU root URL: file:/home/samehabib/CMS-Platform/jpos-ee/target/classes/
	Shared Cache Mode: null
	Validation Mode: null
	Jar files URLs []
	Managed classes names [
		org.cms.jposee.entity.IsoTransaction
		org.cms.jposee.entity.IsoTransactionAudit]
	Mapping files names []
	Properties [
		hibernate.jdbc.use_get_generated_keys: true
		javax.persistence.jdbc.url: jdbc:postgresql://localhost:5433/jposee
		javax.persistence.jdbc.password: postgres
		hibernate.show_sql: false
		hibernate.c3p0.max_statements: 50
		hibernate.jdbc.batch_size: 20
		hibernate.autoFlush: true
		hibernate.jdbc.fetch_size: 50
		hibernate.c3p0.timeout: 300
		hibernate.flush_mode: AUTO
		hibernate.generate_statistics: false
		hibernate.hbm2ddl.auto: validate
		hibernate.c3p0.min_size: 5
		hibernate.format_sql: true
		javax.persistence.jdbc.user: postgres
		hibernate.dialect.storage_engine: 
		javax.persistence.jdbc.driver: org.postgresql.Driver
		hibernate.cache.provider_class: org.hibernate.cache.NoCacheProvider
		hibernate.use_sql_comments: true
		hibernate.c3p0.max_size: 20
		hibernate.dialect: org.hibernate.dialect.PostgreSQL10Dialect]
23:38:43.458 [main] DEBUG org.hibernate.integrator.internal.IntegratorServiceImpl - Adding Integrator [org.hibernate.cfg.beanvalidation.BeanValidationIntegrator].
23:38:43.459 [main] DEBUG org.hibernate.integrator.internal.IntegratorServiceImpl - Adding Integrator [org.hibernate.secure.spi.JaccIntegrator].
23:38:43.463 [main] DEBUG org.hibernate.integrator.internal.IntegratorServiceImpl - Adding Integrator [org.hibernate.cache.internal.CollectionCacheInvalidator].
23:38:43.498 [main] INFO org.hibernate.Version - HHH000412: Hibernate ORM core version 5.6.15.Final
23:38:43.499 [main] DEBUG org.hibernate.cfg.Environment - HHH000206: hibernate.properties not found
23:38:43.644 [main] DEBUG org.hibernate.service.spi.ServiceBinding - Overriding existing service binding [org.hibernate.secure.spi.JaccService]
23:38:43.652 [main] DEBUG org.hibernate.cache.internal.RegionFactoryInitiator - Cannot default RegionFactory based on registered strategies as `[]` RegionFactory strategies were registered
23:38:43.652 [main] DEBUG org.hibernate.cache.internal.RegionFactoryInitiator - Cache region factory : org.hibernate.cache.internal.NoCachingRegionFactory
23:38:43.672 [main] INFO org.hibernate.annotations.common.Version - HCANN000001: Hibernate Commons Annotations {5.1.2.Final}
23:38:43.725 [main] DEBUG org.hibernate.type.BasicTypeRegistry - Adding type registration boolean -> org.hibernate.type.BooleanType@f6c03cb
23:38:43.725 [main] DEBUG org.hibernate.type.BasicTypeRegistry - Adding type registration boolean -> org.hibernate.type.BooleanType@f6c03cb
23:38:43.725 [main] DEBUG org.hibernate.type.BasicTypeRegistry - Adding type registration java.lang.Boolean -> org.hibernate.type.BooleanType@f6c03cb
23:38:43.726 [main] DEBUG org.hibernate.type.BasicTypeRegistry - Adding type registration numeric_boolean -> org.hibernate.type.NumericBooleanType@768ccdc5
23:38:43.727 [main] DEBUG org.hibernate.type.BasicTypeRegistry - Adding type registration true_false -> org.hibernate.type.TrueFalseType@162be91c
23:38:43.727 [main] DEBUG org.hibernate.type.BasicTypeRegistry - Adding type registration yes_no -> org.hibernate.type.YesNoType@1cd201a8
23:38:43.729 [main] DEBUG org.hibernate.type.BasicTypeRegistry - Adding type registration byte -> org.hibernate.type.ByteType@21d8bcbe
23:38:43.730 [main] DEBUG org.hibernate.type.BasicTypeRegistry - Adding type registration byte -> org.hibernate.type.ByteType@21d8bcbe
23:38:43.730 [main] DEBUG org.hibernate.type.BasicTypeRegistry - Adding type registration java.lang.Byte -> org.hibernate.type.ByteType@21d8bcbe
23:38:43.730 [main] DEBUG org.hibernate.type.BasicTypeRegistry - Adding type registration character -> org.hibernate.type.CharacterType@72a85671
23:38:43.730 [main] DEBUG org.hibernate.type.BasicTypeRegistry - Adding type registration char -> org.hibernate.type.CharacterType@72a85671
23:38:43.731 [main] DEBUG org.hibernate.type.BasicTypeRegistry - Adding type registration java.lang.Character -> org.hibernate.type.CharacterType@72a85671
23:38:43.731 [main] DEBUG org.hibernate.type.BasicTypeRegistry - Adding type registration short -> org.hibernate.type.ShortType@5049d8b2
23:38:43.732 [main] DEBUG org.hibernate.type.BasicTypeRegistry - Adding type registration short -> org.hibernate.type.ShortType@5049d8b2
23:38:43.732 [main] DEBUG org.hibernate.type.BasicTypeRegistry - Adding type registration java.lang.Short -> org.hibernate.type.ShortType@5049d8b2
23:38:43.733 [main] DEBUG org.hibernate.type.BasicTypeRegistry - Adding type registration integer -> org.hibernate.type.IntegerType@1643d68f
23:38:43.733 [main] DEBUG org.hibernate.type.BasicTypeRegistry - Adding type registration int -> org.hibernate.type.IntegerType@1643d68f
23:38:43.733 [main] DEBUG org.hibernate.type.BasicTypeRegistry - Adding type registration java.lang.Integer -> org.hibernate.type.IntegerType@1643d68f
23:38:43.734 [main] DEBUG org.hibernate.type.BasicTypeRegistry - Adding type registration long -> org.hibernate.type.LongType@acb0951
23:38:43.734 [main] DEBUG org.hibernate.type.BasicTypeRegistry - Adding type registration long -> org.hibernate.type.LongType@acb0951
23:38:43.734 [main] DEBUG org.hibernate.type.BasicTypeRegistry - Adding type registration java.lang.Long -> org.hibernate.type.LongType@acb0951
23:38:43.734 [main] DEBUG org.hibernate.type.BasicTypeRegistry - Adding type registration float -> org.hibernate.type.FloatType@675d8c96
23:38:43.734 [main] DEBUG org.hibernate.type.BasicTypeRegistry - Adding type registration float -> org.hibernate.type.FloatType@675d8c96
23:38:43.735 [main] DEBUG org.hibernate.type.BasicTypeRegistry - Adding type registration java.lang.Float -> org.hibernate.type.FloatType@675d8c96
23:38:43.735 [main] DEBUG org.hibernate.type.BasicTypeRegistry - Adding type registration double -> org.hibernate.type.DoubleType@3185fa6b
23:38:43.735 [main] DEBUG org.hibernate.type.BasicTypeRegistry - Adding type registration double -> org.hibernate.type.DoubleType@3185fa6b
23:38:43.735 [main] DEBUG org.hibernate.type.BasicTypeRegistry - Adding type registration java.lang.Double -> org.hibernate.type.DoubleType@3185fa6b
23:38:43.736 [main] DEBUG org.hibernate.type.BasicTypeRegistry - Adding type registration big_decimal -> org.hibernate.type.BigDecimalType@bcec031
23:38:43.736 [main] DEBUG org.hibernate.type.BasicTypeRegistry - Adding type registration java.math.BigDecimal -> org.hibernate.type.BigDecimalType@bcec031
23:38:43.736 [main] DEBUG org.hibernate.type.BasicTypeRegistry - Adding type registration big_integer -> org.hibernate.type.BigIntegerType@4648ce9
23:38:43.736 [main] DEBUG org.hibernate.type.BasicTypeRegistry - Adding type registration java.math.BigInteger -> org.hibernate.type.BigIntegerType@4648ce9
23:38:43.737 [main] DEBUG org.hibernate.type.BasicTypeRegistry - Adding type registration string -> org.hibernate.type.StringType@180e6ac4
23:38:43.737 [main] DEBUG org.hibernate.type.BasicTypeRegistry - Adding type registration java.lang.String -> org.hibernate.type.StringType@180e6ac4
23:38:43.738 [main] DEBUG org.hibernate.type.BasicTypeRegistry - Adding type registration nstring -> org.hibernate.type.StringNVarcharType@410ae9a3
23:38:43.738 [main] DEBUG org.hibernate.type.BasicTypeRegistry - Adding type registration ncharacter -> org.hibernate.type.CharacterNCharType@7e242b4d
23:38:43.739 [main] DEBUG org.hibernate.type.BasicTypeRegistry - Adding type registration url -> org.hibernate.type.UrlType@25ddbbbb
23:38:43.739 [main] DEBUG org.hibernate.type.BasicTypeRegistry - Adding type registration java.net.URL -> org.hibernate.type.UrlType@25ddbbbb
23:38:43.739 [main] DEBUG org.hibernate.type.BasicTypeRegistry - Adding type registration Duration -> org.hibernate.type.DurationType@235f4c10
23:38:43.739 [main] DEBUG org.hibernate.type.BasicTypeRegistry - Adding type registration java.time.Duration -> org.hibernate.type.DurationType@235f4c10
23:38:43.740 [main] DEBUG org.hibernate.type.BasicTypeRegistry - Adding type registration Instant -> org.hibernate.type.InstantType@4c168660
23:38:43.740 [main] DEBUG org.hibernate.type.BasicTypeRegistry - Adding type registration java.time.Instant -> org.hibernate.type.InstantType@4c168660
23:38:43.741 [main] DEBUG org.hibernate.type.BasicTypeRegistry - Adding type registration LocalDateTime -> org.hibernate.type.LocalDateTimeType@6326d182
23:38:43.741 [main] DEBUG org.hibernate.type.BasicTypeRegistry - Adding type registration java.time.LocalDateTime -> org.hibernate.type.LocalDateTimeType@6326d182
23:38:43.742 [main] DEBUG org.hibernate.type.BasicTypeRegistry - Adding type registration LocalDate -> org.hibernate.type.LocalDateType@625e134e
23:38:43.743 [main] DEBUG org.hibernate.type.BasicTypeRegistry - Adding type registration java.time.LocalDate -> org.hibernate.type.LocalDateType@625e134e
23:38:43.743 [main] DEBUG org.hibernate.type.BasicTypeRegistry - Adding type registration LocalTime -> org.hibernate.type.LocalTimeType@119f1f2a
23:38:43.743 [main] DEBUG org.hibernate.type.BasicTypeRegistry - Adding type registration java.time.LocalTime -> org.hibernate.type.LocalTimeType@119f1f2a
23:38:43.745 [main] DEBUG org.hibernate.type.BasicTypeRegistry - Adding type registration OffsetDateTime -> org.hibernate.type.OffsetDateTimeType@756cf158
23:38:43.745 [main] DEBUG org.hibernate.type.BasicTypeRegistry - Adding type registration java.time.OffsetDateTime -> org.hibernate.type.OffsetDateTimeType@756cf158
23:38:43.748 [main] DEBUG org.hibernate.type.BasicTypeRegistry - Adding type registration OffsetTime -> org.hibernate.type.OffsetTimeType@7b139eab
23:38:43.749 [main] DEBUG org.hibernate.type.BasicTypeRegistry - Adding type registration java.time.OffsetTime -> org.hibernate.type.OffsetTimeType@7b139eab
23:38:43.750 [main] DEBUG org.hibernate.type.BasicTypeRegistry - Adding type registration ZonedDateTime -> org.hibernate.type.ZonedDateTimeType@41a90fa8
23:38:43.751 [main] DEBUG org.hibernate.type.BasicTypeRegistry - Adding type registration java.time.ZonedDateTime -> org.hibernate.type.ZonedDateTimeType@41a90fa8
23:38:43.752 [main] DEBUG org.hibernate.type.BasicTypeRegistry - Adding type registration date -> org.hibernate.type.DateType@2289aca5
23:38:43.752 [main] DEBUG org.hibernate.type.BasicTypeRegistry - Adding type registration java.sql.Date -> org.hibernate.type.DateType@2289aca5
23:38:43.753 [main] DEBUG org.hibernate.type.BasicTypeRegistry - Adding type registration time -> org.hibernate.type.TimeType@4a9f80d3
23:38:43.754 [main] DEBUG org.hibernate.type.BasicTypeRegistry - Adding type registration java.sql.Time -> org.hibernate.type.TimeType@4a9f80d3
23:38:43.755 [main] DEBUG org.hibernate.type.BasicTypeRegistry - Adding type registration timestamp -> org.hibernate.type.TimestampType@53ab0286
23:38:43.756 [main] DEBUG org.hibernate.type.BasicTypeRegistry - Adding type registration java.sql.Timestamp -> org.hibernate.type.TimestampType@53ab0286
23:38:43.756 [main] DEBUG org.hibernate.type.BasicTypeRegistry - Adding type registration java.util.Date -> org.hibernate.type.TimestampType@53ab0286
23:38:43.757 [main] DEBUG org.hibernate.type.BasicTypeRegistry - Adding type registration dbtimestamp -> org.hibernate.type.DbTimestampType@172ca72b
23:38:43.758 [main] DEBUG org.hibernate.type.BasicTypeRegistry - Adding type registration calendar -> org.hibernate.type.CalendarType@4204541c
23:38:43.758 [main] DEBUG org.hibernate.type.BasicTypeRegistry - Adding type registration java.util.Calendar -> org.hibernate.type.CalendarType@4204541c
23:38:43.758 [main] DEBUG org.hibernate.type.BasicTypeRegistry - Adding type registration java.util.GregorianCalendar -> org.hibernate.type.CalendarType@4204541c
23:38:43.758 [main] DEBUG org.hibernate.type.BasicTypeRegistry - Adding type registration calendar_date -> org.hibernate.type.CalendarDateType@79e18e38
23:38:43.759 [main] DEBUG org.hibernate.type.BasicTypeRegistry - Adding type registration calendar_time -> org.hibernate.type.CalendarTimeType@6d1d4d7
23:38:43.760 [main] DEBUG org.hibernate.type.BasicTypeRegistry - Adding type registration locale -> org.hibernate.type.LocaleType@5f2606b
23:38:43.760 [main] DEBUG org.hibernate.type.BasicTypeRegistry - Adding type registration java.util.Locale -> org.hibernate.type.LocaleType@5f2606b
23:38:43.761 [main] DEBUG org.hibernate.type.BasicTypeRegistry - Adding type registration currency -> org.hibernate.type.CurrencyType@2cf23c81
23:38:43.761 [main] DEBUG org.hibernate.type.BasicTypeRegistry - Adding type registration java.util.Currency -> org.hibernate.type.CurrencyType@2cf23c81
23:38:43.762 [main] DEBUG org.hibernate.type.BasicTypeRegistry - Adding type registration timezone -> org.hibernate.type.TimeZoneType@1255b1d1
23:38:43.762 [main] DEBUG org.hibernate.type.BasicTypeRegistry - Adding type registration java.util.TimeZone -> org.hibernate.type.TimeZoneType@1255b1d1
23:38:43.763 [main] DEBUG org.hibernate.type.BasicTypeRegistry - Adding type registration class -> org.hibernate.type.ClassType@46e8a539
23:38:43.764 [main] DEBUG org.hibernate.type.BasicTypeRegistry - Adding type registration java.lang.Class -> org.hibernate.type.ClassType@46e8a539
23:38:43.765 [main] DEBUG org.hibernate.type.BasicTypeRegistry - Adding type registration uuid-binary -> org.hibernate.type.UUIDBinaryType@27a5328c
23:38:43.765 [main] DEBUG org.hibernate.type.BasicTypeRegistry - Adding type registration java.util.UUID -> org.hibernate.type.UUIDBinaryType@27a5328c
23:38:43.765 [main] DEBUG org.hibernate.type.BasicTypeRegistry - Adding type registration uuid-char -> org.hibernate.type.UUIDCharType@65e61854
23:38:43.766 [main] DEBUG org.hibernate.type.BasicTypeRegistry - Adding type registration binary -> org.hibernate.type.BinaryType@6e521c1e
23:38:43.766 [main] DEBUG org.hibernate.type.BasicTypeRegistry - Adding type registration byte[] -> org.hibernate.type.BinaryType@6e521c1e
23:38:43.766 [main] DEBUG org.hibernate.type.BasicTypeRegistry - Adding type registration [B -> org.hibernate.type.BinaryType@6e521c1e
23:38:43.767 [main] DEBUG org.hibernate.type.BasicTypeRegistry - Adding type registration wrapper-binary -> org.hibernate.type.WrapperBinaryType@5c48c0c0
23:38:43.767 [main] DEBUG org.hibernate.type.BasicTypeRegistry - Adding type registration Byte[] -> org.hibernate.type.WrapperBinaryType@5c48c0c0
23:38:43.767 [main] DEBUG org.hibernate.type.BasicTypeRegistry - Adding type registration [Ljava.lang.Byte; -> org.hibernate.type.WrapperBinaryType@5c48c0c0
23:38:43.768 [main] DEBUG org.hibernate.type.BasicTypeRegistry - Adding type registration row_version -> org.hibernate.type.RowVersionType@439a8f59
23:38:43.768 [main] DEBUG org.hibernate.type.BasicTypeRegistry - Adding type registration image -> org.hibernate.type.ImageType@32cb636e
23:38:43.768 [main] DEBUG org.hibernate.type.BasicTypeRegistry - Adding type registration characters -> org.hibernate.type.CharArrayType@6fff253c
23:38:43.769 [main] DEBUG org.hibernate.type.BasicTypeRegistry - Adding type registration char[] -> org.hibernate.type.CharArrayType@6fff253c
23:38:43.769 [main] DEBUG org.hibernate.type.BasicTypeRegistry - Adding type registration [C -> org.hibernate.type.CharArrayType@6fff253c
23:38:43.769 [main] DEBUG org.hibernate.type.BasicTypeRegistry - Adding type registration wrapper-characters -> org.hibernate.type.CharacterArrayType@6d8792db
23:38:43.769 [main] DEBUG org.hibernate.type.BasicTypeRegistry - Adding type registration [Ljava.lang.Character; -> org.hibernate.type.CharacterArrayType@6d8792db
23:38:43.769 [main] DEBUG org.hibernate.type.BasicTypeRegistry - Adding type registration Character[] -> org.hibernate.type.CharacterArrayType@6d8792db
23:38:43.770 [main] DEBUG org.hibernate.type.BasicTypeRegistry - Adding type registration text -> org.hibernate.type.TextType@ce5a68e
23:38:43.770 [main] DEBUG org.hibernate.type.BasicTypeRegistry - Adding type registration ntext -> org.hibernate.type.NTextType@7c041b41
23:38:43.771 [main] DEBUG org.hibernate.type.BasicTypeRegistry - Adding type registration blob -> org.hibernate.type.BlobType@4a8a60bc
23:38:43.771 [main] DEBUG org.hibernate.type.BasicTypeRegistry - Adding type registration java.sql.Blob -> org.hibernate.type.BlobType@4a8a60bc
23:38:43.771 [main] DEBUG org.hibernate.type.BasicTypeRegistry - Adding type registration materialized_blob -> org.hibernate.type.MaterializedBlobType@314b8f2d
23:38:43.772 [main] DEBUG org.hibernate.type.BasicTypeRegistry - Adding type registration clob -> org.hibernate.type.ClobType@3c9168dc
23:38:43.772 [main] DEBUG org.hibernate.type.BasicTypeRegistry - Adding type registration java.sql.Clob -> org.hibernate.type.ClobType@3c9168dc
23:38:43.773 [main] DEBUG org.hibernate.type.BasicTypeRegistry - Adding type registration nclob -> org.hibernate.type.NClobType@6e9319f
23:38:43.773 [main] DEBUG org.hibernate.type.BasicTypeRegistry - Adding type registration java.sql.NClob -> org.hibernate.type.NClobType@6e9319f
23:38:43.773 [main] DEBUG org.hibernate.type.BasicTypeRegistry - Adding type registration materialized_clob -> org.hibernate.type.MaterializedClobType@77307458
23:38:43.773 [main] DEBUG org.hibernate.type.BasicTypeRegistry - Adding type registration materialized_nclob -> org.hibernate.type.MaterializedNClobType@33617539
23:38:43.774 [main] DEBUG org.hibernate.type.BasicTypeRegistry - Adding type registration serializable -> org.hibernate.type.SerializableType@192f2f27
23:38:43.776 [main] DEBUG org.hibernate.type.BasicTypeRegistry - Adding type registration object -> org.hibernate.type.ObjectType@6bab2585
23:38:43.776 [main] DEBUG org.hibernate.type.BasicTypeRegistry - Adding type registration java.lang.Object -> org.hibernate.type.ObjectType@6bab2585
23:38:43.777 [main] DEBUG org.hibernate.type.BasicTypeRegistry - Adding type registration imm_date -> org.hibernate.type.AdaptedImmutableType@611f8234
23:38:43.777 [main] DEBUG org.hibernate.type.BasicTypeRegistry - Adding type registration imm_time -> org.hibernate.type.AdaptedImmutableType@7bb3a9fe
23:38:43.777 [main] DEBUG org.hibernate.type.BasicTypeRegistry - Adding type registration imm_timestamp -> org.hibernate.type.AdaptedImmutableType@7cbee484
23:38:43.777 [main] DEBUG org.hibernate.type.BasicTypeRegistry - Adding type registration imm_dbtimestamp -> org.hibernate.type.AdaptedImmutableType@7f811d00
23:38:43.777 [main] DEBUG org.hibernate.type.BasicTypeRegistry - Adding type registration imm_calendar -> org.hibernate.type.AdaptedImmutableType@62923ee6
23:38:43.777 [main] DEBUG org.hibernate.type.BasicTypeRegistry - Adding type registration imm_calendar_date -> org.hibernate.type.AdaptedImmutableType@4089713
23:38:43.777 [main] DEBUG org.hibernate.type.BasicTypeRegistry - Adding type registration imm_binary -> org.hibernate.type.AdaptedImmutableType@f19c9d2
23:38:43.777 [main] DEBUG org.hibernate.type.BasicTypeRegistry - Adding type registration imm_serializable -> org.hibernate.type.AdaptedImmutableType@7807ac2c
23:38:43.787 [main] DEBUG org.hibernate.boot.internal.BootstrapContextImpl - Injecting ScanEnvironment [org.hibernate.jpa.boot.internal.StandardJpaScanEnvironmentImpl@32057e6] into BootstrapContext; was [null]
23:38:43.788 [main] DEBUG org.hibernate.boot.internal.BootstrapContextImpl - Injecting ScanOptions [org.hibernate.boot.archive.scan.internal.StandardScanOptions@6ea1bcdc] into BootstrapContext; was [org.hibernate.boot.archive.scan.internal.StandardScanOptions@759fad4]
23:38:43.846 [main] DEBUG org.hibernate.boot.internal.BootstrapContextImpl - Injecting JPA temp ClassLoader [null] into BootstrapContext; was [null]
23:38:43.847 [main] DEBUG org.hibernate.boot.internal.ClassLoaderAccessImpl - ClassLoaderAccessImpl#injectTempClassLoader(null) [was null]
23:38:43.858 [main] DEBUG org.hibernate.id.factory.internal.DefaultIdentifierGeneratorFactory - Registering IdentifierGenerator strategy [uuid2] -> [org.hibernate.id.UUIDGenerator]
23:38:43.858 [main] DEBUG org.hibernate.id.factory.internal.DefaultIdentifierGeneratorFactory - Registering IdentifierGenerator strategy [guid] -> [org.hibernate.id.GUIDGenerator]
23:38:43.859 [main] DEBUG org.hibernate.id.factory.internal.DefaultIdentifierGeneratorFactory - Registering IdentifierGenerator strategy [uuid] -> [org.hibernate.id.UUIDHexGenerator]
23:38:43.859 [main] DEBUG org.hibernate.id.factory.internal.DefaultIdentifierGeneratorFactory - Registering IdentifierGenerator strategy [uuid.hex] -> [org.hibernate.id.UUIDHexGenerator]
23:38:43.859 [main] DEBUG org.hibernate.id.factory.internal.DefaultIdentifierGeneratorFactory - Registering IdentifierGenerator strategy [assigned] -> [org.hibernate.id.Assigned]
23:38:43.860 [main] DEBUG org.hibernate.id.factory.internal.DefaultIdentifierGeneratorFactory - Registering IdentifierGenerator strategy [identity] -> [org.hibernate.id.IdentityGenerator]
23:38:43.861 [main] DEBUG org.hibernate.id.factory.internal.DefaultIdentifierGeneratorFactory - Registering IdentifierGenerator strategy [select] -> [org.hibernate.id.SelectGenerator]
23:38:43.862 [main] DEBUG org.hibernate.id.factory.internal.DefaultIdentifierGeneratorFactory - Registering IdentifierGenerator strategy [sequence] -> [org.hibernate.id.enhanced.SequenceStyleGenerator]
23:38:43.862 [main] DEBUG org.hibernate.id.factory.internal.DefaultIdentifierGeneratorFactory - Registering IdentifierGenerator strategy [seqhilo] -> [org.hibernate.id.SequenceHiLoGenerator]
23:38:43.863 [main] DEBUG org.hibernate.id.factory.internal.DefaultIdentifierGeneratorFactory - Registering IdentifierGenerator strategy [increment] -> [org.hibernate.id.IncrementGenerator]
23:38:43.863 [main] DEBUG org.hibernate.id.factory.internal.DefaultIdentifierGeneratorFactory - Registering IdentifierGenerator strategy [foreign] -> [org.hibernate.id.ForeignGenerator]
23:38:43.863 [main] DEBUG org.hibernate.id.factory.internal.DefaultIdentifierGeneratorFactory - Registering IdentifierGenerator strategy [sequence-identity] -> [org.hibernate.id.SequenceIdentityGenerator]
23:38:43.863 [main] DEBUG org.hibernate.id.factory.internal.DefaultIdentifierGeneratorFactory - Registering IdentifierGenerator strategy [enhanced-sequence] -> [org.hibernate.id.enhanced.SequenceStyleGenerator]
23:38:43.864 [main] DEBUG org.hibernate.id.factory.internal.DefaultIdentifierGeneratorFactory - Registering IdentifierGenerator strategy [enhanced-table] -> [org.hibernate.id.enhanced.TableGenerator]
23:38:43.868 [main] INFO org.hibernate.c3p0.internal.C3P0ConnectionProvider - HHH010002: C3P0 using driver: org.postgresql.Driver at URL: jdbc:postgresql://localhost:5433/jposee
23:38:43.868 [main] INFO org.hibernate.c3p0.internal.C3P0ConnectionProvider - HHH10001001: Connection properties: {password=****, user=postgres}
23:38:43.869 [main] INFO org.hibernate.c3p0.internal.C3P0ConnectionProvider - HHH10001003: Autocommit mode: false
23:38:43.891 [MLog-Init-Reporter] INFO com.mchange.v2.log.MLog - MLog clients using slf4j logging.
23:38:43.897 [MLog-Init-Reporter] DEBUG com.mchange.v2.log.MLog - Reading VM config for path list /com/mchange/v2/log/default-mchange-log.properties, /mchange-commons.properties, /c3p0.properties, hocon:/reference,/application,/c3p0,/, /mchange-log.properties, /
23:38:43.897 [MLog-Init-Reporter] DEBUG com.mchange.v2.log.MLog - The configuration file for resource identifier '/mchange-commons.properties' could not be found. Skipping.
23:38:43.897 [MLog-Init-Reporter] DEBUG com.mchange.v2.log.MLog - The configuration file for resource identifier '/c3p0.properties' could not be found. Skipping.
23:38:43.897 [MLog-Init-Reporter] DEBUG com.mchange.v2.log.MLog - The configuration file for resource identifier 'hocon:/reference,/application,/c3p0,/' could not be found. Skipping.
23:38:43.897 [MLog-Init-Reporter] DEBUG com.mchange.v2.log.MLog - The configuration file for resource identifier '/mchange-log.properties' could not be found. Skipping.
23:38:43.898 [main] DEBUG com.mchange.v2.cfg.MConfig - The configuration file for resource identifier '/mchange-commons.properties' could not be found. Skipping.
23:38:43.898 [main] DEBUG com.mchange.v2.cfg.MConfig - The configuration file for resource identifier '/mchange-log.properties' could not be found. Skipping.
23:38:43.898 [main] DEBUG com.mchange.v2.cfg.MConfig - The configuration file for resource identifier 'hocon:/reference,/application,/c3p0,/' could not be found. Skipping.
23:38:43.898 [main] DEBUG com.mchange.v2.cfg.MConfig - The configuration file for resource identifier '/c3p0.properties' could not be found. Skipping.
23:38:44.072 [main] INFO com.mchange.v2.c3p0.C3P0Registry - Initializing c3p0-0.9.5.5 [built 11-December-2019 22:18:33 -0800; debug? true; trace: 10]
23:38:44.092 [main] DEBUG com.mchange.v2.c3p0.management.DynamicPooledDataSourceManagerMBean - MBean: com.mchange.v2.c3p0:type=PooledDataSource,identityToken=z8kfsxbh1ddt00d17355q1|74971ed9,name=z8kfsxbh1ddt00d17355q1|74971ed9 registered.
23:38:44.108 [main] DEBUG com.mchange.v2.c3p0.management.DynamicPooledDataSourceManagerMBean - MBean: com.mchange.v2.c3p0:type=PooledDataSource,identityToken=z8kfsxbh1ddt00d17355q1|74971ed9,name=z8kfsxbh1ddt00d17355q1|74971ed9 unregistered, in order to be reregistered after update.
23:38:44.109 [main] DEBUG com.mchange.v2.c3p0.management.DynamicPooledDataSourceManagerMBean - MBean: com.mchange.v2.c3p0:type=PooledDataSource,identityToken=z8kfsxbh1ddt00d17355q1|74971ed9,name=z8kfsxbh1ddt00d17355q1|74971ed9 registered.
23:38:44.118 [main] INFO org.hibernate.c3p0.internal.C3P0ConnectionProvider - HHH10001007: JDBC isolation level: <unknown>
23:38:44.132 [main] INFO com.mchange.v2.c3p0.impl.AbstractPoolBackedDataSource - Initializing c3p0 pool... com.mchange.v2.c3p0.PoolBackedDataSource@50e7b9af [ connectionPoolDataSource -> com.mchange.v2.c3p0.WrapperConnectionPoolDataSource@f367e4e4 [ acquireIncrement -> 3, acquireRetryAttempts -> 30, acquireRetryDelay -> 1000, autoCommitOnClose -> false, automaticTestTable -> null, breakAfterAcquireFailure -> false, checkoutTimeout -> 0, connectionCustomizerClassName -> null, connectionTesterClassName -> com.mchange.v2.c3p0.impl.DefaultConnectionTester, contextClassLoaderSource -> caller, debugUnreturnedConnectionStackTraces -> false, factoryClassLocation -> null, forceIgnoreUnresolvedTransactions -> false, forceSynchronousCheckins -> false, identityToken -> z8kfsxbh1ddt00d17355q1|997d532, idleConnectionTestPeriod -> 0, initialPoolSize -> 5, maxAdministrativeTaskTime -> 0, maxConnectionAge -> 0, maxIdleTime -> 300, maxIdleTimeExcessConnections -> 0, maxPoolSize -> 20, maxStatements -> 50, maxStatementsPerConnection -> 0, minPoolSize -> 5, nestedDataSource -> com.mchange.v2.c3p0.DriverManagerDataSource@6b2c10e2 [ description -> null, driverClass -> null, factoryClassLocation -> null, forceUseNamedDriverClass -> false, identityToken -> z8kfsxbh1ddt00d17355q1|19f21b6b, jdbcUrl -> jdbc:postgresql://localhost:5433/jposee, properties -> {password=******, user=******} ], preferredTestQuery -> null, privilegeSpawnedThreads -> false, propertyCycle -> 0, statementCacheNumDeferredCloseThreads -> 0, testConnectionOnCheckin -> false, testConnectionOnCheckout -> false, unreturnedConnectionTimeout -> 0, usesTraditionalReflectiveProxies -> false; userOverrides: {} ], dataSourceName -> null, extensions -> {}, factoryClassLocation -> null, identityToken -> z8kfsxbh1ddt00d17355q1|74971ed9, numHelperThreads -> 3 ]
23:38:44.144 [main] DEBUG com.mchange.v2.cfg.MConfig - The configuration file for resource identifier '/mchange-commons.properties' could not be found. Skipping.
23:38:44.144 [main] DEBUG com.mchange.v2.cfg.MConfig - The configuration file for resource identifier '/mchange-log.properties' could not be found. Skipping.
23:38:44.145 [main] DEBUG com.mchange.v2.cfg.MConfig - The configuration file for resource identifier '/c3p0.properties' could not be found. Skipping.
23:38:44.145 [main] DEBUG com.mchange.v2.cfg.MConfig - The configuration file for resource identifier 'hocon:/reference,/application,/c3p0,/' could not be found. Skipping.
23:38:44.146 [main] DEBUG com.mchange.v2.resourcepool.BasicResourcePool - com.mchange.v2.resourcepool.BasicResourcePool@9d200de config: [start -> 5; min -> 5; max -> 20; inc -> 3; num_acq_attempts -> 30; acq_attempt_delay -> 1000; check_idle_resources_delay -> 0; max_resource_age -> 0; max_idle_time -> 300000; excess_max_idle_time -> 0; destroy_unreturned_resc_time -> 0; expiration_enforcement_delay -> 75000; break_on_acquisition_failure -> false; debug_store_checkout_exceptions -> false; force_synchronous_checkins -> false]
23:38:44.146 [main] DEBUG com.mchange.v2.c3p0.impl.C3P0PooledConnectionPoolManager - Created new pool for auth, username (masked): 'po******'.
23:38:44.146 [main] DEBUG com.mchange.v2.resourcepool.BasicResourcePool - acquire test -- pool size: 0; target_pool_size: 5; desired target? 1
23:38:44.146 [main] DEBUG com.mchange.v2.resourcepool.BasicResourcePool - awaitAvailable(): [unknown]
23:38:44.506 [main] DEBUG org.hibernate.engine.jdbc.env.internal.JdbcEnvironmentInitiator - Database ->
       name : PostgreSQL
    version : 15.3 (Debian 15.3-1.pgdg120+1)
      major : 15
      minor : 3
23:38:44.507 [main] DEBUG org.hibernate.engine.jdbc.env.internal.JdbcEnvironmentInitiator - Driver ->
       name : PostgreSQL JDBC Driver
    version : 42.7.1
      major : 42
      minor : 7
23:38:44.507 [main] DEBUG org.hibernate.engine.jdbc.env.internal.JdbcEnvironmentInitiator - JDBC version : 4.2
23:38:44.524 [main] INFO org.hibernate.dialect.Dialect - HHH000400: Using dialect: org.hibernate.dialect.PostgreSQL10Dialect
23:38:44.543 [main] DEBUG org.hibernate.engine.jdbc.env.spi.IdentifierHelperBuilder - JDBC driver metadata reported database stores quoted identifiers in neither upper, lower nor mixed case
23:38:44.572 [main] DEBUG org.hibernate.type.BasicTypeRegistry - Adding type registration pg-uuid -> org.hibernate.type.PostgresUUIDType@7cb2651f
23:38:44.572 [main] DEBUG org.hibernate.type.BasicTypeRegistry - Adding type registration java.util.UUID -> org.hibernate.type.PostgresUUIDType@7cb2651f
23:38:44.572 [main] DEBUG org.hibernate.type.BasicTypeRegistry - HHH000270: Type registration [java.util.UUID] overrides previous : org.hibernate.type.UUIDBinaryType@27a5328c
23:38:44.574 [main] DEBUG org.hibernate.type.spi.TypeConfiguration$Scope - Scoping TypeConfiguration [org.hibernate.type.spi.TypeConfiguration@592238c5] to MetadataBuildingContext [org.hibernate.boot.internal.MetadataBuildingContextRootImpl@6ee8dcd3]
23:38:44.638 [main] DEBUG org.hibernate.boot.model.relational.Namespace - Created database namespace [logicalName=Name{catalog=null, schema=null}, physicalName=Name{catalog=null, schema=null}]
23:38:44.655 [main] DEBUG org.hibernate.cfg.AnnotationBinder - Binding entity from annotated class: org.cms.jposee.entity.IsoTransaction
23:38:44.675 [main] DEBUG org.hibernate.cfg.Ejb3Column - Binding column: Ejb3DiscriminatorColumn{logicalColumnName'DTYPE', discriminatorTypeName='string'}
23:38:44.680 [main] DEBUG org.hibernate.cfg.annotations.EntityBinder - Import with entity name IsoTransaction
23:38:44.681 [main] DEBUG org.hibernate.boot.model.relational.Namespace - Created database namespace [logicalName=Name{catalog=null, schema=public}, physicalName=Name{catalog=null, schema=public}]
23:38:44.683 [main] DEBUG org.hibernate.cfg.annotations.EntityBinder - Bind entity org.cms.jposee.entity.IsoTransaction on table iso_transactions
23:38:44.720 [main] DEBUG org.hibernate.cfg.Ejb3Column - Binding column: Ejb3Column{table=org.hibernate.mapping.Table(public.iso_transactions), mappingColumn=id, insertable=true, updatable=true, unique=false}
23:38:44.728 [main] DEBUG org.hibernate.boot.internal.ClassLoaderAccessImpl - Not known whether passed class name [org.cms.jposee.entity.IsoTransaction] is safe
23:38:44.728 [main] DEBUG org.hibernate.boot.internal.ClassLoaderAccessImpl - No temp ClassLoader provided; using live ClassLoader for loading potentially unsafe class : org.cms.jposee.entity.IsoTransaction
23:38:44.731 [main] DEBUG org.hibernate.cfg.annotations.PropertyBinder - MetadataSourceProcessor property id with lazy=false
23:38:44.733 [main] DEBUG org.hibernate.cfg.AbstractPropertyHolder - Attempting to locate auto-apply AttributeConverter for property [org.cms.jposee.entity.IsoTransaction:id]
23:38:44.734 [main] DEBUG org.hibernate.cfg.annotations.SimpleValueBinder - building SimpleValue for id
23:38:44.737 [main] DEBUG org.hibernate.cfg.annotations.PropertyBinder - Building property id
23:38:44.740 [main] DEBUG org.hibernate.cfg.BinderHelper - #makeIdGenerator(org.hibernate.mapping.SimpleValue([org.hibernate.mapping.Column(id)]), id, identity, , ...)
23:38:44.741 [main] DEBUG org.hibernate.cfg.Ejb3Column - Binding column: Ejb3Column{table=org.hibernate.mapping.Table(public.iso_transactions), mappingColumn=amount, insertable=true, updatable=true, unique=false}
23:38:44.741 [main] DEBUG org.hibernate.cfg.annotations.PropertyBinder - MetadataSourceProcessor property amount with lazy=false
23:38:44.742 [main] DEBUG org.hibernate.cfg.AbstractPropertyHolder - Attempting to locate auto-apply AttributeConverter for property [org.cms.jposee.entity.IsoTransaction:amount]
23:38:44.742 [main] DEBUG org.hibernate.cfg.annotations.SimpleValueBinder - building SimpleValue for amount
23:38:44.742 [main] DEBUG org.hibernate.cfg.annotations.PropertyBinder - Building property amount
23:38:44.742 [main] DEBUG org.hibernate.cfg.Ejb3Column - Binding column: Ejb3Column{table=org.hibernate.mapping.Table(public.iso_transactions), mappingColumn=auth_id_resp, insertable=true, updatable=true, unique=false}
23:38:44.744 [main] DEBUG org.hibernate.cfg.annotations.PropertyBinder - MetadataSourceProcessor property authIdResp with lazy=false
23:38:44.745 [main] DEBUG org.hibernate.cfg.AbstractPropertyHolder - Attempting to locate auto-apply AttributeConverter for property [org.cms.jposee.entity.IsoTransaction:authIdResp]
23:38:44.745 [main] DEBUG org.hibernate.cfg.annotations.SimpleValueBinder - building SimpleValue for authIdResp
23:38:44.745 [main] DEBUG org.hibernate.cfg.annotations.PropertyBinder - Building property authIdResp
23:38:44.746 [main] DEBUG org.hibernate.cfg.Ejb3Column - Binding column: Ejb3Column{table=org.hibernate.mapping.Table(public.iso_transactions), mappingColumn=compliance_checked, insertable=true, updatable=true, unique=false}
23:38:44.746 [main] DEBUG org.hibernate.cfg.annotations.PropertyBinder - MetadataSourceProcessor property complianceChecked with lazy=false
23:38:44.746 [main] DEBUG org.hibernate.cfg.AbstractPropertyHolder - Attempting to locate auto-apply AttributeConverter for property [org.cms.jposee.entity.IsoTransaction:complianceChecked]
23:38:44.746 [main] DEBUG org.hibernate.cfg.annotations.SimpleValueBinder - building SimpleValue for complianceChecked
23:38:44.747 [main] DEBUG org.hibernate.cfg.annotations.PropertyBinder - Building property complianceChecked
23:38:44.747 [main] DEBUG org.hibernate.cfg.Ejb3Column - Binding column: Ejb3Column{table=org.hibernate.mapping.Table(public.iso_transactions), mappingColumn=created_at, insertable=true, updatable=false, unique=false}
23:38:44.747 [main] DEBUG org.hibernate.cfg.annotations.PropertyBinder - MetadataSourceProcessor property createdAt with lazy=false
23:38:44.747 [main] DEBUG org.hibernate.cfg.AbstractPropertyHolder - Attempting to locate auto-apply AttributeConverter for property [org.cms.jposee.entity.IsoTransaction:createdAt]
23:38:44.748 [main] DEBUG org.hibernate.cfg.annotations.SimpleValueBinder - building SimpleValue for createdAt
23:38:44.748 [main] DEBUG org.hibernate.cfg.annotations.PropertyBinder - Building property createdAt
23:38:44.748 [main] DEBUG org.hibernate.cfg.Ejb3Column - Binding column: Ejb3Column{table=org.hibernate.mapping.Table(public.iso_transactions), mappingColumn=created_by, insertable=true, updatable=true, unique=false}
23:38:44.748 [main] DEBUG org.hibernate.cfg.annotations.PropertyBinder - MetadataSourceProcessor property createdBy with lazy=false
23:38:44.748 [main] DEBUG org.hibernate.cfg.AbstractPropertyHolder - Attempting to locate auto-apply AttributeConverter for property [org.cms.jposee.entity.IsoTransaction:createdBy]
23:38:44.748 [main] DEBUG org.hibernate.cfg.annotations.SimpleValueBinder - building SimpleValue for createdBy
23:38:44.748 [main] DEBUG org.hibernate.cfg.annotations.PropertyBinder - Building property createdBy
23:38:44.748 [main] DEBUG org.hibernate.cfg.Ejb3Column - Binding column: Ejb3Column{table=org.hibernate.mapping.Table(public.iso_transactions), mappingColumn=currency_code, insertable=true, updatable=true, unique=false}
23:38:44.748 [main] DEBUG org.hibernate.cfg.annotations.PropertyBinder - MetadataSourceProcessor property currencyCode with lazy=false
23:38:44.749 [main] DEBUG org.hibernate.cfg.AbstractPropertyHolder - Attempting to locate auto-apply AttributeConverter for property [org.cms.jposee.entity.IsoTransaction:currencyCode]
23:38:44.749 [main] DEBUG org.hibernate.cfg.annotations.SimpleValueBinder - building SimpleValue for currencyCode
23:38:44.749 [main] DEBUG org.hibernate.cfg.annotations.PropertyBinder - Building property currencyCode
23:38:44.749 [main] DEBUG org.hibernate.cfg.Ejb3Column - Binding column: Ejb3Column{table=org.hibernate.mapping.Table(public.iso_transactions), mappingColumn=error_message, insertable=true, updatable=true, unique=false}
23:38:44.749 [main] DEBUG org.hibernate.cfg.annotations.PropertyBinder - MetadataSourceProcessor property errorMessage with lazy=false
23:38:44.750 [main] DEBUG org.hibernate.cfg.AbstractPropertyHolder - Attempting to locate auto-apply AttributeConverter for property [org.cms.jposee.entity.IsoTransaction:errorMessage]
23:38:44.750 [main] DEBUG org.hibernate.cfg.annotations.SimpleValueBinder - building SimpleValue for errorMessage
23:38:44.750 [main] DEBUG org.hibernate.cfg.annotations.PropertyBinder - Building property errorMessage
23:38:44.750 [main] DEBUG org.hibernate.cfg.Ejb3Column - Binding column: Ejb3Column{table=org.hibernate.mapping.Table(public.iso_transactions), mappingColumn=ip_address, insertable=true, updatable=true, unique=false}
23:38:44.750 [main] DEBUG org.hibernate.cfg.annotations.PropertyBinder - MetadataSourceProcessor property ipAddress with lazy=false
23:38:44.750 [main] DEBUG org.hibernate.cfg.AbstractPropertyHolder - Attempting to locate auto-apply AttributeConverter for property [org.cms.jposee.entity.IsoTransaction:ipAddress]
23:38:44.750 [main] DEBUG org.hibernate.cfg.annotations.SimpleValueBinder - building SimpleValue for ipAddress
23:38:44.751 [main] DEBUG org.hibernate.cfg.annotations.PropertyBinder - Building property ipAddress
23:38:44.751 [main] DEBUG org.hibernate.cfg.Ejb3Column - Binding column: Ejb3Column{table=org.hibernate.mapping.Table(public.iso_transactions), mappingColumn=merchant_id, insertable=true, updatable=true, unique=false}
23:38:44.751 [main] DEBUG org.hibernate.cfg.annotations.PropertyBinder - MetadataSourceProcessor property merchantId with lazy=false
23:38:44.751 [main] DEBUG org.hibernate.cfg.AbstractPropertyHolder - Attempting to locate auto-apply AttributeConverter for property [org.cms.jposee.entity.IsoTransaction:merchantId]
23:38:44.751 [main] DEBUG org.hibernate.cfg.annotations.SimpleValueBinder - building SimpleValue for merchantId
23:38:44.751 [main] DEBUG org.hibernate.cfg.annotations.PropertyBinder - Building property merchantId
23:38:44.751 [main] DEBUG org.hibernate.cfg.Ejb3Column - Binding column: Ejb3Column{table=org.hibernate.mapping.Table(public.iso_transactions), mappingColumn=merchant_name, insertable=true, updatable=true, unique=false}
23:38:44.751 [main] DEBUG org.hibernate.cfg.annotations.PropertyBinder - MetadataSourceProcessor property merchantName with lazy=false
23:38:44.751 [main] DEBUG org.hibernate.cfg.AbstractPropertyHolder - Attempting to locate auto-apply AttributeConverter for property [org.cms.jposee.entity.IsoTransaction:merchantName]
23:38:44.752 [main] DEBUG org.hibernate.cfg.annotations.SimpleValueBinder - building SimpleValue for merchantName
23:38:44.752 [main] DEBUG org.hibernate.cfg.annotations.PropertyBinder - Building property merchantName
23:38:44.752 [main] DEBUG org.hibernate.cfg.Ejb3Column - Binding column: Ejb3Column{table=org.hibernate.mapping.Table(public.iso_transactions), mappingColumn=mti, insertable=true, updatable=true, unique=false}
23:38:44.752 [main] DEBUG org.hibernate.cfg.annotations.PropertyBinder - MetadataSourceProcessor property mti with lazy=false
23:38:44.752 [main] DEBUG org.hibernate.cfg.AbstractPropertyHolder - Attempting to locate auto-apply AttributeConverter for property [org.cms.jposee.entity.IsoTransaction:mti]
23:38:44.752 [main] DEBUG org.hibernate.cfg.annotations.SimpleValueBinder - building SimpleValue for mti
23:38:44.752 [main] DEBUG org.hibernate.cfg.annotations.PropertyBinder - Building property mti
23:38:44.753 [main] DEBUG org.hibernate.cfg.Ejb3Column - Binding column: Ejb3Column{table=org.hibernate.mapping.Table(public.iso_transactions), mappingColumn=pan, insertable=true, updatable=true, unique=false}
23:38:44.753 [main] DEBUG org.hibernate.cfg.annotations.PropertyBinder - MetadataSourceProcessor property pan with lazy=false
23:38:44.753 [main] DEBUG org.hibernate.cfg.AbstractPropertyHolder - Attempting to locate auto-apply AttributeConverter for property [org.cms.jposee.entity.IsoTransaction:pan]
23:38:44.753 [main] DEBUG org.hibernate.cfg.annotations.SimpleValueBinder - building SimpleValue for pan
23:38:44.753 [main] DEBUG org.hibernate.cfg.annotations.PropertyBinder - Building property pan
23:38:44.753 [main] DEBUG org.hibernate.cfg.Ejb3Column - Binding column: Ejb3Column{table=org.hibernate.mapping.Table(public.iso_transactions), mappingColumn=pan_masked, insertable=true, updatable=true, unique=false}
23:38:44.753 [main] DEBUG org.hibernate.cfg.annotations.PropertyBinder - MetadataSourceProcessor property panMasked with lazy=false
23:38:44.753 [main] DEBUG org.hibernate.cfg.AbstractPropertyHolder - Attempting to locate auto-apply AttributeConverter for property [org.cms.jposee.entity.IsoTransaction:panMasked]
23:38:44.754 [main] DEBUG org.hibernate.cfg.annotations.SimpleValueBinder - building SimpleValue for panMasked
23:38:44.754 [main] DEBUG org.hibernate.cfg.annotations.PropertyBinder - Building property panMasked
23:38:44.754 [main] DEBUG org.hibernate.cfg.Ejb3Column - Binding column: Ejb3Column{table=org.hibernate.mapping.Table(public.iso_transactions), mappingColumn=processing_code, insertable=true, updatable=true, unique=false}
23:38:44.754 [main] DEBUG org.hibernate.cfg.annotations.PropertyBinder - MetadataSourceProcessor property processingCode with lazy=false
23:38:44.754 [main] DEBUG org.hibernate.cfg.AbstractPropertyHolder - Attempting to locate auto-apply AttributeConverter for property [org.cms.jposee.entity.IsoTransaction:processingCode]
23:38:44.754 [main] DEBUG org.hibernate.cfg.annotations.SimpleValueBinder - building SimpleValue for processingCode
23:38:44.754 [main] DEBUG org.hibernate.cfg.annotations.PropertyBinder - Building property processingCode
23:38:44.754 [main] DEBUG org.hibernate.cfg.Ejb3Column - Binding column: Ejb3Column{table=org.hibernate.mapping.Table(public.iso_transactions), mappingColumn=raw_request, insertable=true, updatable=true, unique=false}
23:38:44.755 [main] DEBUG org.hibernate.cfg.annotations.PropertyBinder - MetadataSourceProcessor property rawRequest with lazy=false
23:38:44.755 [main] DEBUG org.hibernate.cfg.AbstractPropertyHolder - Attempting to locate auto-apply AttributeConverter for property [org.cms.jposee.entity.IsoTransaction:rawRequest]
23:38:44.755 [main] DEBUG org.hibernate.cfg.annotations.SimpleValueBinder - building SimpleValue for rawRequest
23:38:44.755 [main] DEBUG org.hibernate.cfg.annotations.PropertyBinder - Building property rawRequest
23:38:44.755 [main] DEBUG org.hibernate.cfg.Ejb3Column - Binding column: Ejb3Column{table=org.hibernate.mapping.Table(public.iso_transactions), mappingColumn=raw_response, insertable=true, updatable=true, unique=false}
23:38:44.755 [main] DEBUG org.hibernate.cfg.annotations.PropertyBinder - MetadataSourceProcessor property rawResponse with lazy=false
23:38:44.755 [main] DEBUG org.hibernate.cfg.AbstractPropertyHolder - Attempting to locate auto-apply AttributeConverter for property [org.cms.jposee.entity.IsoTransaction:rawResponse]
23:38:44.756 [main] DEBUG org.hibernate.cfg.annotations.SimpleValueBinder - building SimpleValue for rawResponse
23:38:44.756 [main] DEBUG org.hibernate.cfg.annotations.PropertyBinder - Building property rawResponse
23:38:44.756 [main] DEBUG org.hibernate.cfg.Ejb3Column - Binding column: Ejb3Column{table=org.hibernate.mapping.Table(public.iso_transactions), mappingColumn=response_code, insertable=true, updatable=true, unique=false}
23:38:44.756 [main] DEBUG org.hibernate.cfg.annotations.PropertyBinder - MetadataSourceProcessor property responseCode with lazy=false
23:38:44.756 [main] DEBUG org.hibernate.cfg.AbstractPropertyHolder - Attempting to locate auto-apply AttributeConverter for property [org.cms.jposee.entity.IsoTransaction:responseCode]
23:38:44.756 [main] DEBUG org.hibernate.cfg.annotations.SimpleValueBinder - building SimpleValue for responseCode
23:38:44.756 [main] DEBUG org.hibernate.cfg.annotations.PropertyBinder - Building property responseCode
23:38:44.757 [main] DEBUG org.hibernate.cfg.Ejb3Column - Binding column: Ejb3Column{table=org.hibernate.mapping.Table(public.iso_transactions), mappingColumn=retry_count, insertable=true, updatable=true, unique=false}
23:38:44.757 [main] DEBUG org.hibernate.cfg.annotations.PropertyBinder - MetadataSourceProcessor property retryCount with lazy=false
23:38:44.757 [main] DEBUG org.hibernate.cfg.AbstractPropertyHolder - Attempting to locate auto-apply AttributeConverter for property [org.cms.jposee.entity.IsoTransaction:retryCount]
23:38:44.757 [main] DEBUG org.hibernate.cfg.annotations.SimpleValueBinder - building SimpleValue for retryCount
23:38:44.757 [main] DEBUG org.hibernate.cfg.annotations.PropertyBinder - Building property retryCount
23:38:44.758 [main] DEBUG org.hibernate.cfg.Ejb3Column - Binding column: Ejb3Column{table=org.hibernate.mapping.Table(public.iso_transactions), mappingColumn=rrn, insertable=true, updatable=true, unique=false}
23:38:44.758 [main] DEBUG org.hibernate.cfg.annotations.PropertyBinder - MetadataSourceProcessor property rrn with lazy=false
23:38:44.758 [main] DEBUG org.hibernate.cfg.AbstractPropertyHolder - Attempting to locate auto-apply AttributeConverter for property [org.cms.jposee.entity.IsoTransaction:rrn]
23:38:44.758 [main] DEBUG org.hibernate.cfg.annotations.SimpleValueBinder - building SimpleValue for rrn
23:38:44.758 [main] DEBUG org.hibernate.cfg.annotations.PropertyBinder - Building property rrn
23:38:44.758 [main] DEBUG org.hibernate.cfg.Ejb3Column - Binding column: Ejb3Column{table=org.hibernate.mapping.Table(public.iso_transactions), mappingColumn=sensitive_data_encrypted, insertable=true, updatable=true, unique=false}
23:38:44.758 [main] DEBUG org.hibernate.cfg.annotations.PropertyBinder - MetadataSourceProcessor property sensitiveDataEncrypted with lazy=false
23:38:44.758 [main] DEBUG org.hibernate.cfg.AbstractPropertyHolder - Attempting to locate auto-apply AttributeConverter for property [org.cms.jposee.entity.IsoTransaction:sensitiveDataEncrypted]
23:38:44.759 [main] DEBUG org.hibernate.cfg.annotations.SimpleValueBinder - building SimpleValue for sensitiveDataEncrypted
23:38:44.759 [main] DEBUG org.hibernate.cfg.annotations.PropertyBinder - Building property sensitiveDataEncrypted
23:38:44.759 [main] DEBUG org.hibernate.cfg.Ejb3Column - Binding column: Ejb3Column{table=org.hibernate.mapping.Table(public.iso_transactions), mappingColumn=session_id, insertable=true, updatable=true, unique=false}
23:38:44.759 [main] DEBUG org.hibernate.cfg.annotations.PropertyBinder - MetadataSourceProcessor property sessionId with lazy=false
23:38:44.759 [main] DEBUG org.hibernate.cfg.AbstractPropertyHolder - Attempting to locate auto-apply AttributeConverter for property [org.cms.jposee.entity.IsoTransaction:sessionId]
23:38:44.759 [main] DEBUG org.hibernate.cfg.annotations.SimpleValueBinder - building SimpleValue for sessionId
23:38:44.759 [main] DEBUG org.hibernate.cfg.annotations.PropertyBinder - Building property sessionId
23:38:44.760 [main] DEBUG org.hibernate.cfg.Ejb3Column - Binding column: Ejb3Column{table=org.hibernate.mapping.Table(public.iso_transactions), mappingColumn=stan, insertable=true, updatable=true, unique=true}
23:38:44.760 [main] DEBUG org.hibernate.cfg.annotations.PropertyBinder - MetadataSourceProcessor property stan with lazy=false
23:38:44.761 [main] DEBUG org.hibernate.cfg.AbstractPropertyHolder - Attempting to locate auto-apply AttributeConverter for property [org.cms.jposee.entity.IsoTransaction:stan]
23:38:44.761 [main] DEBUG org.hibernate.cfg.annotations.SimpleValueBinder - building SimpleValue for stan
23:38:44.761 [main] DEBUG org.hibernate.cfg.annotations.PropertyBinder - Building property stan
23:38:44.761 [main] DEBUG org.hibernate.cfg.Ejb3Column - Binding column: Ejb3Column{table=org.hibernate.mapping.Table(public.iso_transactions), mappingColumn=status, insertable=true, updatable=true, unique=false}
23:38:44.761 [main] DEBUG org.hibernate.cfg.annotations.PropertyBinder - MetadataSourceProcessor property status with lazy=false
23:38:44.762 [main] DEBUG org.hibernate.cfg.AbstractPropertyHolder - Attempting to locate auto-apply AttributeConverter for property [org.cms.jposee.entity.IsoTransaction:status]
23:38:44.762 [main] DEBUG org.hibernate.cfg.annotations.SimpleValueBinder - building SimpleValue for status
23:38:44.762 [main] DEBUG org.hibernate.cfg.annotations.PropertyBinder - Building property status
23:38:44.762 [main] DEBUG org.hibernate.cfg.Ejb3Column - Binding column: Ejb3Column{table=org.hibernate.mapping.Table(public.iso_transactions), mappingColumn=terminal_id, insertable=true, updatable=true, unique=false}
23:38:44.762 [main] DEBUG org.hibernate.cfg.annotations.PropertyBinder - MetadataSourceProcessor property terminalId with lazy=false
23:38:44.762 [main] DEBUG org.hibernate.cfg.AbstractPropertyHolder - Attempting to locate auto-apply AttributeConverter for property [org.cms.jposee.entity.IsoTransaction:terminalId]
23:38:44.763 [main] DEBUG org.hibernate.cfg.annotations.SimpleValueBinder - building SimpleValue for terminalId
23:38:44.763 [main] DEBUG org.hibernate.cfg.annotations.PropertyBinder - Building property terminalId
23:38:44.763 [main] DEBUG org.hibernate.cfg.Ejb3Column - Binding column: Ejb3Column{table=org.hibernate.mapping.Table(public.iso_transactions), mappingColumn=updated_at, insertable=true, updatable=true, unique=false}
23:38:44.763 [main] DEBUG org.hibernate.cfg.annotations.PropertyBinder - MetadataSourceProcessor property updatedAt with lazy=false
23:38:44.764 [main] DEBUG org.hibernate.cfg.AbstractPropertyHolder - Attempting to locate auto-apply AttributeConverter for property [org.cms.jposee.entity.IsoTransaction:updatedAt]
23:38:44.764 [main] DEBUG org.hibernate.cfg.annotations.SimpleValueBinder - building SimpleValue for updatedAt
23:38:44.764 [main] DEBUG org.hibernate.cfg.annotations.PropertyBinder - Building property updatedAt
23:38:44.764 [main] DEBUG org.hibernate.cfg.Ejb3Column - Binding column: Ejb3Column{table=org.hibernate.mapping.Table(public.iso_transactions), mappingColumn=updated_by, insertable=true, updatable=true, unique=false}
23:38:44.765 [main] DEBUG org.hibernate.cfg.annotations.PropertyBinder - MetadataSourceProcessor property updatedBy with lazy=false
23:38:44.765 [main] DEBUG org.hibernate.cfg.AbstractPropertyHolder - Attempting to locate auto-apply AttributeConverter for property [org.cms.jposee.entity.IsoTransaction:updatedBy]
23:38:44.765 [main] DEBUG org.hibernate.cfg.annotations.SimpleValueBinder - building SimpleValue for updatedBy
23:38:44.765 [main] DEBUG org.hibernate.cfg.annotations.PropertyBinder - Building property updatedBy
23:38:44.780 [main] DEBUG org.hibernate.jpa.event.internal.CallbackDefinitionResolverLegacyImpl - Adding onUpdate as PreUpdate callback for entity org.cms.jposee.entity.IsoTransaction
23:38:44.781 [main] DEBUG org.hibernate.jpa.event.internal.CallbackDefinitionResolverLegacyImpl - Adding onCreate as PrePersist callback for entity org.cms.jposee.entity.IsoTransaction
23:38:44.784 [main] DEBUG org.hibernate.cfg.AnnotationBinder - Binding entity from annotated class: org.cms.jposee.entity.IsoTransactionAudit
23:38:44.784 [main] DEBUG org.hibernate.cfg.Ejb3Column - Binding column: Ejb3DiscriminatorColumn{logicalColumnName'DTYPE', discriminatorTypeName='string'}
23:38:44.784 [main] DEBUG org.hibernate.cfg.annotations.EntityBinder - Import with entity name IsoTransactionAudit
23:38:44.784 [main] DEBUG org.hibernate.cfg.annotations.EntityBinder - Bind entity org.cms.jposee.entity.IsoTransactionAudit on table iso_transactions_audit
23:38:44.787 [main] DEBUG org.hibernate.cfg.Ejb3Column - Binding column: Ejb3Column{table=org.hibernate.mapping.Table(public.iso_transactions_audit), mappingColumn=id, insertable=true, updatable=true, unique=false}
23:38:44.787 [main] DEBUG org.hibernate.boot.internal.ClassLoaderAccessImpl - Not known whether passed class name [org.cms.jposee.entity.IsoTransactionAudit] is safe
23:38:44.787 [main] DEBUG org.hibernate.boot.internal.ClassLoaderAccessImpl - No temp ClassLoader provided; using live ClassLoader for loading potentially unsafe class : org.cms.jposee.entity.IsoTransactionAudit
23:38:44.788 [main] DEBUG org.hibernate.cfg.annotations.PropertyBinder - MetadataSourceProcessor property id with lazy=false
23:38:44.788 [main] DEBUG org.hibernate.cfg.AbstractPropertyHolder - Attempting to locate auto-apply AttributeConverter for property [org.cms.jposee.entity.IsoTransactionAudit:id]
23:38:44.788 [main] DEBUG org.hibernate.cfg.annotations.SimpleValueBinder - building SimpleValue for id
23:38:44.788 [main] DEBUG org.hibernate.cfg.annotations.PropertyBinder - Building property id
23:38:44.788 [main] DEBUG org.hibernate.cfg.BinderHelper - #makeIdGenerator(org.hibernate.mapping.SimpleValue([org.hibernate.mapping.Column(id)]), id, identity, , ...)
23:38:44.788 [main] DEBUG org.hibernate.cfg.Ejb3Column - Binding column: Ejb3Column{table=org.hibernate.mapping.Table(public.iso_transactions_audit), mappingColumn=action, insertable=true, updatable=true, unique=false}
23:38:44.789 [main] DEBUG org.hibernate.cfg.annotations.PropertyBinder - MetadataSourceProcessor property action with lazy=false
23:38:44.789 [main] DEBUG org.hibernate.cfg.AbstractPropertyHolder - Attempting to locate auto-apply AttributeConverter for property [org.cms.jposee.entity.IsoTransactionAudit:action]
23:38:44.789 [main] DEBUG org.hibernate.cfg.annotations.SimpleValueBinder - building SimpleValue for action
23:38:44.789 [main] DEBUG org.hibernate.cfg.annotations.PropertyBinder - Building property action
23:38:44.789 [main] DEBUG org.hibernate.cfg.Ejb3Column - Binding column: Ejb3Column{table=org.hibernate.mapping.Table(public.iso_transactions_audit), mappingColumn=changed_by, insertable=true, updatable=true, unique=false}
23:38:44.789 [main] DEBUG org.hibernate.cfg.annotations.PropertyBinder - MetadataSourceProcessor property changedBy with lazy=false
23:38:44.789 [main] DEBUG org.hibernate.cfg.AbstractPropertyHolder - Attempting to locate auto-apply AttributeConverter for property [org.cms.jposee.entity.IsoTransactionAudit:changedBy]
23:38:44.789 [main] DEBUG org.hibernate.cfg.annotations.SimpleValueBinder - building SimpleValue for changedBy
23:38:44.789 [main] DEBUG org.hibernate.cfg.annotations.PropertyBinder - Building property changedBy
23:38:44.790 [main] DEBUG org.hibernate.cfg.Ejb3Column - Binding column: Ejb3Column{table=org.hibernate.mapping.Table(public.iso_transactions_audit), mappingColumn=compliance_notes, insertable=true, updatable=true, unique=false}
23:38:44.790 [main] DEBUG org.hibernate.cfg.annotations.PropertyBinder - MetadataSourceProcessor property complianceNotes with lazy=false
23:38:44.790 [main] DEBUG org.hibernate.cfg.AbstractPropertyHolder - Attempting to locate auto-apply AttributeConverter for property [org.cms.jposee.entity.IsoTransactionAudit:complianceNotes]
23:38:44.790 [main] DEBUG org.hibernate.cfg.annotations.SimpleValueBinder - building SimpleValue for complianceNotes
23:38:44.790 [main] DEBUG org.hibernate.cfg.annotations.PropertyBinder - Building property complianceNotes
23:38:44.790 [main] DEBUG org.hibernate.cfg.Ejb3Column - Binding column: Ejb3Column{table=org.hibernate.mapping.Table(public.iso_transactions_audit), mappingColumn=compliance_verified, insertable=true, updatable=true, unique=false}
23:38:44.790 [main] DEBUG org.hibernate.cfg.annotations.PropertyBinder - MetadataSourceProcessor property complianceVerified with lazy=false
23:38:44.790 [main] DEBUG org.hibernate.cfg.AbstractPropertyHolder - Attempting to locate auto-apply AttributeConverter for property [org.cms.jposee.entity.IsoTransactionAudit:complianceVerified]
23:38:44.791 [main] DEBUG org.hibernate.cfg.annotations.SimpleValueBinder - building SimpleValue for complianceVerified
23:38:44.791 [main] DEBUG org.hibernate.cfg.annotations.PropertyBinder - Building property complianceVerified
23:38:44.791 [main] DEBUG org.hibernate.cfg.Ejb3Column - Binding column: Ejb3Column{table=org.hibernate.mapping.Table(public.iso_transactions_audit), mappingColumn=created_at, insertable=true, updatable=false, unique=false}
23:38:44.791 [main] DEBUG org.hibernate.cfg.annotations.PropertyBinder - MetadataSourceProcessor property createdAt with lazy=false
23:38:44.791 [main] DEBUG org.hibernate.cfg.AbstractPropertyHolder - Attempting to locate auto-apply AttributeConverter for property [org.cms.jposee.entity.IsoTransactionAudit:createdAt]
23:38:44.791 [main] DEBUG org.hibernate.cfg.annotations.SimpleValueBinder - building SimpleValue for createdAt
23:38:44.791 [main] DEBUG org.hibernate.cfg.annotations.PropertyBinder - Building property createdAt
23:38:44.792 [main] DEBUG org.hibernate.cfg.Ejb3Column - Binding column: Ejb3Column{table=org.hibernate.mapping.Table(public.iso_transactions_audit), mappingColumn=field_name, insertable=true, updatable=true, unique=false}
23:38:44.792 [main] DEBUG org.hibernate.cfg.annotations.PropertyBinder - MetadataSourceProcessor property fieldName with lazy=false
23:38:44.792 [main] DEBUG org.hibernate.cfg.AbstractPropertyHolder - Attempting to locate auto-apply AttributeConverter for property [org.cms.jposee.entity.IsoTransactionAudit:fieldName]
23:38:44.792 [main] DEBUG org.hibernate.cfg.annotations.SimpleValueBinder - building SimpleValue for fieldName
23:38:44.792 [main] DEBUG org.hibernate.cfg.annotations.PropertyBinder - Building property fieldName
23:38:44.792 [main] DEBUG org.hibernate.cfg.Ejb3Column - Binding column: Ejb3Column{table=org.hibernate.mapping.Table(public.iso_transactions_audit), mappingColumn=ip_address, insertable=true, updatable=true, unique=false}
23:38:44.792 [main] DEBUG org.hibernate.cfg.annotations.PropertyBinder - MetadataSourceProcessor property ipAddress with lazy=false
23:38:44.792 [main] DEBUG org.hibernate.cfg.AbstractPropertyHolder - Attempting to locate auto-apply AttributeConverter for property [org.cms.jposee.entity.IsoTransactionAudit:ipAddress]
23:38:44.792 [main] DEBUG org.hibernate.cfg.annotations.SimpleValueBinder - building SimpleValue for ipAddress
23:38:44.792 [main] DEBUG org.hibernate.cfg.annotations.PropertyBinder - Building property ipAddress
23:38:44.793 [main] DEBUG org.hibernate.cfg.Ejb3Column - Binding column: Ejb3Column{table=org.hibernate.mapping.Table(public.iso_transactions_audit), mappingColumn=iso_transaction_id, insertable=true, updatable=true, unique=false}
23:38:44.793 [main] DEBUG org.hibernate.cfg.annotations.PropertyBinder - MetadataSourceProcessor property isoTransactionId with lazy=false
23:38:44.793 [main] DEBUG org.hibernate.cfg.AbstractPropertyHolder - Attempting to locate auto-apply AttributeConverter for property [org.cms.jposee.entity.IsoTransactionAudit:isoTransactionId]
23:38:44.793 [main] DEBUG org.hibernate.cfg.annotations.SimpleValueBinder - building SimpleValue for isoTransactionId
23:38:44.793 [main] DEBUG org.hibernate.cfg.annotations.PropertyBinder - Building property isoTransactionId
23:38:44.793 [main] DEBUG org.hibernate.cfg.Ejb3Column - Binding column: Ejb3Column{table=org.hibernate.mapping.Table(public.iso_transactions_audit), mappingColumn=new_value, insertable=true, updatable=true, unique=false}
23:38:44.793 [main] DEBUG org.hibernate.cfg.annotations.PropertyBinder - MetadataSourceProcessor property newValue with lazy=false
23:38:44.793 [main] DEBUG org.hibernate.cfg.AbstractPropertyHolder - Attempting to locate auto-apply AttributeConverter for property [org.cms.jposee.entity.IsoTransactionAudit:newValue]
23:38:44.794 [main] DEBUG org.hibernate.cfg.annotations.SimpleValueBinder - building SimpleValue for newValue
23:38:44.794 [main] DEBUG org.hibernate.cfg.annotations.PropertyBinder - Building property newValue
23:38:44.794 [main] DEBUG org.hibernate.cfg.Ejb3Column - Binding column: Ejb3Column{table=org.hibernate.mapping.Table(public.iso_transactions_audit), mappingColumn=notes, insertable=true, updatable=true, unique=false}
23:38:44.794 [main] DEBUG org.hibernate.cfg.annotations.PropertyBinder - MetadataSourceProcessor property notes with lazy=false
23:38:44.794 [main] DEBUG org.hibernate.cfg.AbstractPropertyHolder - Attempting to locate auto-apply AttributeConverter for property [org.cms.jposee.entity.IsoTransactionAudit:notes]
23:38:44.794 [main] DEBUG org.hibernate.cfg.annotations.SimpleValueBinder - building SimpleValue for notes
23:38:44.794 [main] DEBUG org.hibernate.cfg.annotations.PropertyBinder - Building property notes
23:38:44.795 [main] DEBUG org.hibernate.cfg.Ejb3Column - Binding column: Ejb3Column{table=org.hibernate.mapping.Table(public.iso_transactions_audit), mappingColumn=old_value, insertable=true, updatable=true, unique=false}
23:38:44.795 [main] DEBUG org.hibernate.cfg.annotations.PropertyBinder - MetadataSourceProcessor property oldValue with lazy=false
23:38:44.795 [main] DEBUG org.hibernate.cfg.AbstractPropertyHolder - Attempting to locate auto-apply AttributeConverter for property [org.cms.jposee.entity.IsoTransactionAudit:oldValue]
23:38:44.795 [main] DEBUG org.hibernate.cfg.annotations.SimpleValueBinder - building SimpleValue for oldValue
23:38:44.795 [main] DEBUG org.hibernate.cfg.annotations.PropertyBinder - Building property oldValue
23:38:44.796 [main] DEBUG org.hibernate.cfg.Ejb3Column - Binding column: Ejb3Column{table=org.hibernate.mapping.Table(public.iso_transactions_audit), mappingColumn=reason, insertable=true, updatable=true, unique=false}
23:38:44.796 [main] DEBUG org.hibernate.cfg.annotations.PropertyBinder - MetadataSourceProcessor property reason with lazy=false
23:38:44.796 [main] DEBUG org.hibernate.cfg.AbstractPropertyHolder - Attempting to locate auto-apply AttributeConverter for property [org.cms.jposee.entity.IsoTransactionAudit:reason]
23:38:44.796 [main] DEBUG org.hibernate.cfg.annotations.SimpleValueBinder - building SimpleValue for reason
23:38:44.796 [main] DEBUG org.hibernate.cfg.annotations.PropertyBinder - Building property reason
23:38:44.796 [main] DEBUG org.hibernate.cfg.Ejb3Column - Binding column: Ejb3Column{table=org.hibernate.mapping.Table(public.iso_transactions_audit), mappingColumn=session_id, insertable=true, updatable=true, unique=false}
23:38:44.797 [main] DEBUG org.hibernate.cfg.annotations.PropertyBinder - MetadataSourceProcessor property sessionId with lazy=false
23:38:44.797 [main] DEBUG org.hibernate.cfg.AbstractPropertyHolder - Attempting to locate auto-apply AttributeConverter for property [org.cms.jposee.entity.IsoTransactionAudit:sessionId]
23:38:44.797 [main] DEBUG org.hibernate.cfg.annotations.SimpleValueBinder - building SimpleValue for sessionId
23:38:44.797 [main] DEBUG org.hibernate.cfg.annotations.PropertyBinder - Building property sessionId
23:38:44.798 [main] DEBUG org.hibernate.jpa.event.internal.CallbackDefinitionResolverLegacyImpl - Adding onCreate as PrePersist callback for entity org.cms.jposee.entity.IsoTransactionAudit
23:38:44.799 [main] DEBUG org.hibernate.cfg.annotations.SimpleValueBinder - Starting fillSimpleValue for id
23:38:44.800 [main] DEBUG org.hibernate.cfg.annotations.SimpleValueBinder - Starting fillSimpleValue for amount
23:38:44.800 [main] DEBUG org.hibernate.cfg.annotations.SimpleValueBinder - Starting fillSimpleValue for authIdResp
23:38:44.800 [main] DEBUG org.hibernate.cfg.annotations.SimpleValueBinder - Starting fillSimpleValue for complianceChecked
23:38:44.800 [main] DEBUG org.hibernate.cfg.annotations.SimpleValueBinder - Starting fillSimpleValue for createdAt
23:38:44.800 [main] DEBUG org.hibernate.cfg.annotations.SimpleValueBinder - Starting fillSimpleValue for createdBy
23:38:44.800 [main] DEBUG org.hibernate.cfg.annotations.SimpleValueBinder - Starting fillSimpleValue for currencyCode
23:38:44.800 [main] DEBUG org.hibernate.cfg.annotations.SimpleValueBinder - Starting fillSimpleValue for errorMessage
23:38:44.800 [main] DEBUG org.hibernate.cfg.annotations.SimpleValueBinder - Starting fillSimpleValue for ipAddress
23:38:44.800 [main] DEBUG org.hibernate.cfg.annotations.SimpleValueBinder - Starting fillSimpleValue for merchantId
23:38:44.801 [main] DEBUG org.hibernate.cfg.annotations.SimpleValueBinder - Starting fillSimpleValue for merchantName
23:38:44.801 [main] DEBUG org.hibernate.cfg.annotations.SimpleValueBinder - Starting fillSimpleValue for mti
23:38:44.801 [main] DEBUG org.hibernate.cfg.annotations.SimpleValueBinder - Starting fillSimpleValue for pan
23:38:44.801 [main] DEBUG org.hibernate.cfg.annotations.SimpleValueBinder - Starting fillSimpleValue for panMasked
23:38:44.801 [main] DEBUG org.hibernate.cfg.annotations.SimpleValueBinder - Starting fillSimpleValue for processingCode
23:38:44.801 [main] DEBUG org.hibernate.cfg.annotations.SimpleValueBinder - Starting fillSimpleValue for rawRequest
23:38:44.801 [main] DEBUG org.hibernate.cfg.annotations.SimpleValueBinder - Starting fillSimpleValue for rawResponse
23:38:44.801 [main] DEBUG org.hibernate.cfg.annotations.SimpleValueBinder - Starting fillSimpleValue for responseCode
23:38:44.801 [main] DEBUG org.hibernate.cfg.annotations.SimpleValueBinder - Starting fillSimpleValue for retryCount
23:38:44.801 [main] DEBUG org.hibernate.cfg.annotations.SimpleValueBinder - Starting fillSimpleValue for rrn
23:38:44.801 [main] DEBUG org.hibernate.cfg.annotations.SimpleValueBinder - Starting fillSimpleValue for sensitiveDataEncrypted
23:38:44.801 [main] DEBUG org.hibernate.cfg.annotations.SimpleValueBinder - Starting fillSimpleValue for sessionId
23:38:44.801 [main] DEBUG org.hibernate.cfg.annotations.SimpleValueBinder - Starting fillSimpleValue for stan
23:38:44.801 [main] DEBUG org.hibernate.cfg.annotations.SimpleValueBinder - Starting fillSimpleValue for status
23:38:44.801 [main] DEBUG org.hibernate.cfg.annotations.SimpleValueBinder - Starting fillSimpleValue for terminalId
23:38:44.801 [main] DEBUG org.hibernate.cfg.annotations.SimpleValueBinder - Starting fillSimpleValue for updatedAt
23:38:44.802 [main] DEBUG org.hibernate.cfg.annotations.SimpleValueBinder - Starting fillSimpleValue for updatedBy
23:38:44.802 [main] DEBUG org.hibernate.cfg.annotations.SimpleValueBinder - Starting fillSimpleValue for id
23:38:44.802 [main] DEBUG org.hibernate.cfg.annotations.SimpleValueBinder - Starting fillSimpleValue for action
23:38:44.802 [main] DEBUG org.hibernate.cfg.annotations.SimpleValueBinder - Starting fillSimpleValue for changedBy
23:38:44.802 [main] DEBUG org.hibernate.cfg.annotations.SimpleValueBinder - Starting fillSimpleValue for complianceNotes
23:38:44.802 [main] DEBUG org.hibernate.cfg.annotations.SimpleValueBinder - Starting fillSimpleValue for complianceVerified
23:38:44.802 [main] DEBUG org.hibernate.cfg.annotations.SimpleValueBinder - Starting fillSimpleValue for createdAt
23:38:44.802 [main] DEBUG org.hibernate.cfg.annotations.SimpleValueBinder - Starting fillSimpleValue for fieldName
23:38:44.802 [main] DEBUG org.hibernate.cfg.annotations.SimpleValueBinder - Starting fillSimpleValue for ipAddress
23:38:44.802 [main] DEBUG org.hibernate.cfg.annotations.SimpleValueBinder - Starting fillSimpleValue for isoTransactionId
23:38:44.802 [main] DEBUG org.hibernate.cfg.annotations.SimpleValueBinder - Starting fillSimpleValue for newValue
23:38:44.802 [main] DEBUG org.hibernate.cfg.annotations.SimpleValueBinder - Starting fillSimpleValue for notes
23:38:44.802 [main] DEBUG org.hibernate.cfg.annotations.SimpleValueBinder - Starting fillSimpleValue for oldValue
23:38:44.803 [main] DEBUG org.hibernate.cfg.annotations.SimpleValueBinder - Starting fillSimpleValue for reason
23:38:44.803 [main] DEBUG org.hibernate.cfg.annotations.SimpleValueBinder - Starting fillSimpleValue for sessionId
23:38:44.804 [main] DEBUG org.hibernate.mapping.PrimaryKey - Forcing column [id] to be non-null as it is part of the primary key for table [iso_transactions]
23:38:44.804 [main] DEBUG org.hibernate.mapping.PrimaryKey - Forcing column [id] to be non-null as it is part of the primary key for table [iso_transactions_audit]
23:38:44.852 [main] DEBUG org.hibernate.internal.SessionFactoryImpl - Building session factory
23:38:44.853 [main] DEBUG org.hibernate.cfg.Settings - SessionFactory name : null
23:38:44.853 [main] DEBUG org.hibernate.cfg.Settings - Automatic flush during beforeCompletion(): enabled
23:38:44.853 [main] DEBUG org.hibernate.cfg.Settings - Automatic session close at end of transaction: disabled
23:38:44.854 [main] DEBUG org.hibernate.cfg.Settings - Statistics: disabled
23:38:44.854 [main] DEBUG org.hibernate.cfg.Settings - Deleted entity synthetic identifier rollback: disabled
23:38:44.854 [main] DEBUG org.hibernate.cfg.Settings - Default entity-mode: pojo
23:38:44.854 [main] DEBUG org.hibernate.cfg.Settings - Check Nullability in Core (should be disabled when Bean Validation is on): enabled
23:38:44.854 [main] DEBUG org.hibernate.cfg.Settings - Allow initialization of lazy state outside session : disabled
23:38:44.854 [main] DEBUG org.hibernate.cfg.Settings - Using BatchFetchStyle : LEGACY
23:38:44.854 [main] DEBUG org.hibernate.cfg.Settings - Default batch fetch size: -1
23:38:44.854 [main] DEBUG org.hibernate.cfg.Settings - Maximum outer join fetch depth: null
23:38:44.854 [main] DEBUG org.hibernate.cfg.Settings - Default null ordering: NONE
23:38:44.854 [main] DEBUG org.hibernate.cfg.Settings - Order SQL updates by primary key: disabled
23:38:44.854 [main] DEBUG org.hibernate.cfg.Settings - Order SQL inserts for batching: disabled
23:38:44.854 [main] DEBUG org.hibernate.cfg.Settings - multi-tenancy strategy : NONE
23:38:44.854 [main] DEBUG org.hibernate.cfg.Settings - JTA Track by Thread: enabled
23:38:44.854 [main] DEBUG org.hibernate.cfg.Settings - Query language substitutions: {}
23:38:44.854 [main] DEBUG org.hibernate.cfg.Settings - Named query checking : enabled
23:38:44.854 [main] DEBUG org.hibernate.cfg.Settings - Second-level cache: disabled
23:38:44.854 [main] DEBUG org.hibernate.cfg.Settings - Second-level query cache: disabled
23:38:44.854 [main] DEBUG org.hibernate.cfg.Settings - Second-level query cache factory: null
23:38:44.855 [main] DEBUG org.hibernate.cfg.Settings - Second-level cache region prefix: null
23:38:44.855 [main] DEBUG org.hibernate.cfg.Settings - Optimize second-level cache for minimal puts: disabled
23:38:44.855 [main] DEBUG org.hibernate.cfg.Settings - Structured second-level cache entries: disabled
23:38:44.855 [main] DEBUG org.hibernate.cfg.Settings - Second-level cache direct-reference entries: disabled
23:38:44.855 [main] DEBUG org.hibernate.cfg.Settings - Automatic eviction of collection cache: disabled
23:38:44.855 [main] DEBUG org.hibernate.cfg.Settings - JDBC batch size: 20
23:38:44.855 [main] DEBUG org.hibernate.cfg.Settings - JDBC batch updates for versioned data: enabled
23:38:44.855 [main] DEBUG org.hibernate.cfg.Settings - Scrollable result sets: enabled
23:38:44.855 [main] DEBUG org.hibernate.cfg.Settings - Wrap result sets: disabled
23:38:44.855 [main] DEBUG org.hibernate.cfg.Settings - JDBC3 getGeneratedKeys(): enabled
23:38:44.855 [main] DEBUG org.hibernate.cfg.Settings - JDBC result set fetch size: 50
23:38:44.855 [main] DEBUG org.hibernate.cfg.Settings - Connection release mode: AFTER_TRANSACTION
23:38:44.855 [main] DEBUG org.hibernate.cfg.Settings - Generate SQL with comments: enabled
23:38:44.855 [main] DEBUG org.hibernate.cfg.Settings - JPA compliance - query : disabled
23:38:44.855 [main] DEBUG org.hibernate.cfg.Settings - JPA compliance - closed-handling : disabled
23:38:44.855 [main] DEBUG org.hibernate.cfg.Settings - JPA compliance - lists : disabled
23:38:44.855 [main] DEBUG org.hibernate.cfg.Settings - JPA compliance - transactions : disabled
23:38:44.905 [main] DEBUG org.hibernate.service.internal.SessionFactoryServiceRegistryImpl - EventListenerRegistry access via ServiceRegistry is deprecated.  Use `sessionFactory.getEventEngine().getListenerRegistry()` instead
23:38:44.906 [main] DEBUG org.hibernate.service.internal.SessionFactoryServiceRegistryImpl - EventListenerRegistry access via ServiceRegistry is deprecated.  Use `sessionFactory.getEventEngine().getListenerRegistry()` instead
23:38:44.922 [main] DEBUG org.hibernate.internal.SessionFactoryImpl - Session factory constructed with filter configurations : {}
23:38:44.923 [main] DEBUG org.hibernate.internal.SessionFactoryImpl - Instantiating session factory with properties: {hibernate.format_sql=true, hibernate.dialect.storage_engine=, java.specification.version=21, hibernate.jdbc.use_get_generated_keys=true, sun.jnu.encoding=UTF-8, hibernate.dialect=org.hibernate.dialect.PostgreSQL10Dialect, hibernate.c3p0.min_size=5, java.class.path=/home/samehabib/CMS-Platform/jpos-ee/target/test-classes:/home/samehabib/CMS-Platform/jpos-ee/target/classes:/home/samehabib/.m2/repository/org/hibernate/hibernate-core/5.6.15.Final/hibernate-core-5.6.15.Final.jar:/home/samehabib/.m2/repository/org/jboss/logging/jboss-logging/3.4.3.Final/jboss-logging-3.4.3.Final.jar:/home/samehabib/.m2/repository/net/bytebuddy/byte-buddy/1.12.18/byte-buddy-1.12.18.jar:/home/samehabib/.m2/repository/antlr/antlr/2.7.7/antlr-2.7.7.jar:/home/samehabib/.m2/repository/org/jboss/spec/javax/transaction/jboss-transaction-api_1.2_spec/1.1.1.Final/jboss-transaction-api_1.2_spec-1.1.1.Final.jar:/home/samehabib/.m2/repository/org/jboss/jandex/2.4.2.Final/jandex-2.4.2.Final.jar:/home/samehabib/.m2/repository/com/fasterxml/classmate/1.5.1/classmate-1.5.1.jar:/home/samehabib/.m2/repository/javax/activation/javax.activation-api/1.2.0/javax.activation-api-1.2.0.jar:/home/samehabib/.m2/repository/org/hibernate/common/hibernate-commons-annotations/5.1.2.Final/hibernate-commons-annotations-5.1.2.Final.jar:/home/samehabib/.m2/repository/javax/xml/bind/jaxb-api/2.3.1/jaxb-api-2.3.1.jar:/home/samehabib/.m2/repository/org/glassfish/jaxb/jaxb-runtime/2.3.1/jaxb-runtime-2.3.1.jar:/home/samehabib/.m2/repository/org/glassfish/jaxb/txw2/2.3.1/txw2-2.3.1.jar:/home/samehabib/.m2/repository/com/sun/istack/istack-commons-runtime/3.0.7/istack-commons-runtime-3.0.7.jar:/home/samehabib/.m2/repository/org/jvnet/staxex/stax-ex/1.8/stax-ex-1.8.jar:/home/samehabib/.m2/repository/com/sun/xml/fastinfoset/FastInfoset/1.2.15/FastInfoset-1.2.15.jar:/home/samehabib/.m2/repository/org/hibernate/hibernate-entitymanager/5.6.15.Final/hibernate-entitymanager-5.6.15.Final.jar:/home/samehabib/.m2/repository/javax/persistence/javax.persistence-api/2.2/javax.persistence-api-2.2.jar:/home/samehabib/.m2/repository/org/postgresql/postgresql/42.7.1/postgresql-42.7.1.jar:/home/samehabib/.m2/repository/org/checkerframework/checker-qual/3.41.0/checker-qual-3.41.0.jar:/home/samehabib/.m2/repository/org/hibernate/hibernate-c3p0/5.6.15.Final/hibernate-c3p0-5.6.15.Final.jar:/home/samehabib/.m2/repository/com/mchange/c3p0/0.9.5.5/c3p0-0.9.5.5.jar:/home/samehabib/.m2/repository/com/mchange/mchange-commons-java/0.2.19/mchange-commons-java-0.2.19.jar:/home/samehabib/.m2/repository/org/slf4j/slf4j-api/2.0.5/slf4j-api-2.0.5.jar:/home/samehabib/.m2/repository/ch/qos/logback/logback-classic/1.4.5/logback-classic-1.4.5.jar:/home/samehabib/.m2/repository/ch/qos/logback/logback-core/1.4.5/logback-core-1.4.5.jar:/home/samehabib/.m2/repository/javax/validation/validation-api/2.0.1.Final/validation-api-2.0.1.Final.jar:/home/samehabib/.m2/repository/org/hibernate/validator/hibernate-validator/6.2.5.Final/hibernate-validator-6.2.5.Final.jar:/home/samehabib/.m2/repository/jakarta/validation/jakarta.validation-api/2.0.2/jakarta.validation-api-2.0.2.jar:/home/samehabib/.m2/repository/org/jpos/jpos/2.1.9/jpos-2.1.9.jar:/home/samehabib/.m2/repository/org/jdom/jdom2/2.0.6.1/jdom2-2.0.6.1.jar:/home/samehabib/.m2/repository/org/javatuples/javatuples/1.2/javatuples-1.2.jar:/home/samehabib/.m2/repository/org/jline/jline/3.23.0/jline-3.23.0.jar:/home/samehabib/.m2/repository/org/apache-extras/beanshell/bsh/2.0b6/bsh-2.0b6.jar:/home/samehabib/.m2/repository/commons-cli/commons-cli/1.4/commons-cli-1.4.jar:/home/samehabib/.m2/repository/org/bouncycastle/bcprov-lts8on/2.73.2/bcprov-lts8on-2.73.2.jar:/home/samehabib/.m2/repository/org/bouncycastle/bcpg-lts8on/2.73.2/bcpg-lts8on-2.73.2.jar:/home/samehabib/.m2/repository/org/hdrhistogram/HdrHistogram/2.1.12/HdrHistogram-2.1.12.jar:/home/samehabib/.m2/repository/org/osgi/org.osgi.core/6.0.0/org.osgi.core-6.0.0.jar:/home/samehabib/.m2/repository/org/yaml/snakeyaml/2.0/snakeyaml-2.0.jar:/home/samehabib/.m2/repository/jdbm/jdbm/1.0/jdbm-1.0.jar:/home/samehabib/.m2/repository/com/sleepycat/je/18.3.12/je-18.3.12.jar:/home/samehabib/.m2/repository/org/apache/sshd/sshd-core/2.9.2/sshd-core-2.9.2.jar:/home/samehabib/.m2/repository/org/apache/sshd/sshd-common/2.9.2/sshd-common-2.9.2.jar:/home/samehabib/.m2/repository/org/slf4j/jcl-over-slf4j/1.7.32/jcl-over-slf4j-1.7.32.jar:/home/samehabib/.m2/repository/net/i2p/crypto/eddsa/0.3.0/eddsa-0.3.0.jar:/home/samehabib/.m2/repository/junit/junit/4.13.2/junit-4.13.2.jar:/home/samehabib/.m2/repository/org/hamcrest/hamcrest-core/1.3/hamcrest-core-1.3.jar:/home/samehabib/.m2/repository/org/mockito/mockito-core/4.11.0/mockito-core-4.11.0.jar:/home/samehabib/.m2/repository/net/bytebuddy/byte-buddy-agent/1.12.19/byte-buddy-agent-1.12.19.jar:/home/samehabib/.m2/repositor
[...]
23:38:46.083 [main] DEBUG org.hibernate.SQL - 
    /* update
        org.cms.jposee.entity.IsoTransaction */ update
            public.iso_transactions 
        set
            amount=?,
            auth_id_resp=?,
            compliance_checked=?,
            created_by=?,
            currency_code=?,
            error_message=?,
            ip_address=?,
            merchant_id=?,
            merchant_name=?,
            mti=?,
            pan=?,
            pan_masked=?,
            processing_code=?,
            raw_request=?,
            raw_response=?,
            response_code=?,
            retry_count=?,
            rrn=?,
            sensitive_data_encrypted=?,
            session_id=?,
            stan=?,
            status=?,
            terminal_id=?,
            updated_at=?,
            updated_by=? 
        where
            id=?
23:38:46.086 [main] DEBUG org.hibernate.engine.jdbc.batch.internal.BatchingBatch - Executing batch size: 1
23:38:46.093 [main] DEBUG org.hibernate.resource.jdbc.internal.LogicalConnectionManagedImpl - Initiating JDBC connection release from afterTransaction
23:38:46.093 [main] DEBUG org.hibernate.resource.jdbc.internal.LogicalConnectionManagedImpl - Initiating JDBC connection release from afterTransaction
23:38:46.093 [main] DEBUG org.hibernate.engine.transaction.internal.TransactionImpl - begin

PCI-DSS Requirement 3.2.1 - PAN Masking:
  Masked PAN (in DB): 453212****9123
  Full PAN stored: true
23:38:46.097 [main] DEBUG org.hibernate.hql.internal.ast.QueryTranslatorImpl - parse() - HQL: SELECT a FROM org.cms.jposee.entity.IsoTransactionAudit a WHERE a.isoTransactionId = :txnId ORDER BY a.createdAt ASC
23:38:46.098 [main] DEBUG org.hibernate.hql.internal.ast.ErrorTracker - throwQueryException() : no errors
23:38:46.099 [main] DEBUG org.hibernate.hql.internal.ast.QueryTranslatorImpl - --- HQL AST ---
 \-[QUERY] Node: 'query'
    +-[SELECT_FROM] Node: 'SELECT_FROM'
    |  +-[FROM] Node: 'FROM'
    |  |  \-[RANGE] Node: 'RANGE'
    |  |     +-[DOT] Node: '.'
    |  |     |  +-[DOT] Node: '.'
    |  |     |  |  +-[DOT] Node: '.'
    |  |     |  |  |  +-[DOT] Node: '.'
    |  |     |  |  |  |  +-[IDENT] Node: 'org'
    |  |     |  |  |  |  \-[IDENT] Node: 'cms'
    |  |     |  |  |  \-[IDENT] Node: 'jposee'
    |  |     |  |  \-[IDENT] Node: 'entity'
    |  |     |  \-[IDENT] Node: 'IsoTransactionAudit'
    |  |     \-[ALIAS] Node: 'a'
    |  \-[SELECT] Node: 'SELECT'
    |     \-[IDENT] Node: 'a'
    +-[WHERE] Node: 'WHERE'
    |  \-[EQ] Node: '='
    |     +-[DOT] Node: '.'
    |     |  +-[IDENT] Node: 'a'
    |     |  \-[IDENT] Node: 'isoTransactionId'
    |     \-[COLON] Node: ':'
    |        \-[IDENT] Node: 'txnId'
    \-[ORDER] Node: 'ORDER'
       +-[DOT] Node: '.'
       |  +-[IDENT] Node: 'a'
       |  \-[IDENT] Node: 'createdAt'
       \-[ASCENDING] Node: 'ASC'

23:38:46.099 [main] DEBUG org.hibernate.hql.internal.antlr.HqlSqlBaseWalker - select << begin [level=1, statement=select]
23:38:46.099 [main] DEBUG org.hibernate.hql.internal.ast.tree.FromElement - FromClause{level=1} : org.cms.jposee.entity.IsoTransactionAudit (a) -> isotransac0_
23:38:46.099 [main] DEBUG org.hibernate.hql.internal.ast.tree.FromReferenceNode - Resolved : a -> isotransac0_.id
23:38:46.101 [main] DEBUG org.hibernate.hql.internal.ast.tree.FromReferenceNode - Resolved : a -> isotransac0_.id
23:38:46.101 [main] DEBUG org.hibernate.hql.internal.ast.tree.DotNode - getDataType() : isoTransactionId -> org.hibernate.type.LongType@acb0951
23:38:46.101 [main] DEBUG org.hibernate.hql.internal.ast.tree.FromReferenceNode - Resolved : a.isoTransactionId -> isotransac0_.iso_transaction_id
23:38:46.103 [main] DEBUG org.hibernate.hql.internal.ast.tree.FromReferenceNode - Resolved : a -> isotransac0_.id
23:38:46.103 [main] DEBUG org.hibernate.hql.internal.ast.tree.DotNode - getDataType() : createdAt -> org.hibernate.type.LocalDateTimeType@6326d182
23:38:46.103 [main] DEBUG org.hibernate.hql.internal.ast.tree.FromReferenceNode - Resolved : a.createdAt -> isotransac0_.created_at
23:38:46.103 [main] DEBUG org.hibernate.hql.internal.antlr.HqlSqlBaseWalker - select : finishing up [level=1, statement=select]
23:38:46.103 [main] DEBUG org.hibernate.hql.internal.ast.HqlSqlWalker - processQuery() :  ( SELECT ( {select clause} isotransac0_.id ) ( FromClause{level=1} public.iso_transactions_audit isotransac0_ ) ( WHERE ( = ( isotransac0_.iso_transaction_id isotransac0_.id isoTransactionId ) ? ) ) ( ORDER ( isotransac0_.created_at isotransac0_.id createdAt ) ASC ) )
23:38:46.104 [main] DEBUG org.hibernate.hql.internal.ast.util.JoinProcessor - Tables referenced from query nodes:
 \-QueryNode
    +-SelectClause
    | referencedTables(entity IsoTransactionAudit): [public.iso_transactions_audit]
    |  +-IdentNode
    |  | persister: SingleTableEntityPersister(org.cms.jposee.entity.IsoTransactionAudit)
    |  | originalText: a
    |  \-SqlFragment
    +-FromClause
    |  \-FromElement
    +-SqlNode
    |  \-BinaryLogicOperatorNode
    |     +-DotNode
    |     | persister: SingleTableEntityPersister(org.cms.jposee.entity.IsoTransactionAudit)
    |     | path: a.isoTransactionId
    |     |  +-IdentNode
    |     |  | persister: SingleTableEntityPersister(org.cms.jposee.entity.IsoTransactionAudit)
    |     |  | originalText: a
    |     |  \-IdentNode
    |     |    persister: null
    |     |    originalText: isoTransactionId
    |     \-ParameterNode
    \-OrderByClause
       +-DotNode
       | persister: SingleTableEntityPersister(org.cms.jposee.entity.IsoTransactionAudit)
       | path: a.createdAt
       |  +-IdentNode
       |  | persister: SingleTableEntityPersister(org.cms.jposee.entity.IsoTransactionAudit)
       |  | originalText: a
       |  \-IdentNode
       |    persister: null
       |    originalText: createdAt
       \-SqlNode

23:38:46.104 [main] DEBUG org.hibernate.hql.internal.ast.util.JoinProcessor - Using FROM fragment [public.iso_transactions_audit isotransac0_]
23:38:46.104 [main] DEBUG org.hibernate.hql.internal.antlr.HqlSqlBaseWalker - select >> end [level=1, statement=select]
23:38:46.105 [main] DEBUG org.hibernate.hql.internal.ast.QueryTranslatorImpl - --- SQL AST ---
 \-[SELECT] QueryNode: 'SELECT'  querySpaces (public.iso_transactions_audit)
    +-[SELECT_CLAUSE] SelectClause: '{select clause}'
    |  +-[ALIAS_REF] IdentNode: 'isotransac0_.id as id1_1_' {alias=a, className=org.cms.jposee.entity.IsoTransactionAudit, tableAlias=isotransac0_}
    |  \-[SQL_TOKEN] SqlFragment: 'isotransac0_.action as action2_1_, isotransac0_.changed_by as changed_3_1_, isotransac0_.compliance_notes as complian4_1_, isotransac0_.compliance_verified as complian5_1_, isotransac0_.created_at as created_6_1_, isotransac0_.field_name as field_na7_1_, isotransac0_.ip_address as ip_addre8_1_, isotransac0_.iso_transaction_id as iso_tran9_1_, isotransac0_.new_value as new_val10_1_, isotransac0_.notes as notes11_1_, isotransac0_.old_value as old_val12_1_, isotransac0_.reason as reason13_1_, isotransac0_.session_id as session14_1_'
    +-[FROM] FromClause: 'FROM' FromClause{level=1, fromElementCounter=1, fromElements=1, fromElementByClassAlias=[a], fromElementByTableAlias=[isotransac0_], fromElementsByPath=[], collectionJoinFromElementsByPath=[], impliedElements=[]}
    |  \-[FROM_FRAGMENT] FromElement: 'public.iso_transactions_audit isotransac0_' FromElement{explicit,not a collection join,not a fetch join,fetch non-lazy properties,classAlias=a,role=null,tableName=public.iso_transactions_audit,tableAlias=isotransac0_,origin=null,columns={,className=org.cms.jposee.entity.IsoTransactionAudit}}
    +-[WHERE] SqlNode: 'WHERE'
    |  \-[EQ] BinaryLogicOperatorNode: '='
    |     +-[DOT] DotNode: 'isotransac0_.iso_transaction_id' {propertyName=isoTransactionId,dereferenceType=PRIMITIVE,getPropertyPath=isoTransactionId,path=a.isoTransactionId,tableAlias=isotransac0_,className=org.cms.jposee.entity.IsoTransactionAudit,classAlias=a}
    |     |  +-[ALIAS_REF] IdentNode: 'isotransac0_.id' {alias=a, className=org.cms.jposee.entity.IsoTransactionAudit, tableAlias=isotransac0_}
    |     |  \-[IDENT] IdentNode: 'isoTransactionId' {originalText=isoTransactionId}
    |     \-[NAMED_PARAM] ParameterNode: '?' {name=txnId, expectedType=org.hibernate.type.LongType@acb0951}
    \-[ORDER] OrderByClause: 'ORDER'
       +-[DOT] DotNode: 'isotransac0_.created_at' {propertyName=createdAt,dereferenceType=PRIMITIVE,getPropertyPath=createdAt,path=a.createdAt,tableAlias=isotransac0_,className=org.cms.jposee.entity.IsoTransactionAudit,classAlias=a}
       |  +-[ALIAS_REF] IdentNode: 'isotransac0_.id' {alias=a, className=org.cms.jposee.entity.IsoTransactionAudit, tableAlias=isotransac0_}
       |  \-[IDENT] IdentNode: 'createdAt' {originalText=createdAt}
       \-[ASCENDING] SqlNode: 'ASC'

23:38:46.105 [main] DEBUG org.hibernate.hql.internal.ast.ErrorTracker - throwQueryException() : no errors
23:38:46.105 [main] DEBUG org.hibernate.hql.internal.ast.QueryTranslatorImpl - HQL: SELECT a FROM org.cms.jposee.entity.IsoTransactionAudit a WHERE a.isoTransactionId = :txnId ORDER BY a.createdAt ASC
23:38:46.105 [main] DEBUG org.hibernate.hql.internal.ast.QueryTranslatorImpl - SQL: select isotransac0_.id as id1_1_, isotransac0_.action as action2_1_, isotransac0_.changed_by as changed_3_1_, isotransac0_.compliance_notes as complian4_1_, isotransac0_.compliance_verified as complian5_1_, isotransac0_.created_at as created_6_1_, isotransac0_.field_name as field_na7_1_, isotransac0_.ip_address as ip_addre8_1_, isotransac0_.iso_transaction_id as iso_tran9_1_, isotransac0_.new_value as new_val10_1_, isotransac0_.notes as notes11_1_, isotransac0_.old_value as old_val12_1_, isotransac0_.reason as reason13_1_, isotransac0_.session_id as session14_1_ from public.iso_transactions_audit isotransac0_ where isotransac0_.iso_transaction_id=? order by isotransac0_.created_at ASC
23:38:46.105 [main] DEBUG org.hibernate.hql.internal.ast.ErrorTracker - throwQueryException() : no errors
23:38:46.109 [main] DEBUG org.hibernate.event.internal.AbstractFlushingEventListener - Processing flush-time cascades
23:38:46.109 [main] DEBUG org.hibernate.event.internal.AbstractFlushingEventListener - Dirty checking collections
23:38:46.111 [main] DEBUG org.hibernate.event.internal.AbstractFlushingEventListener - Flushed: 0 insertions, 0 updates, 0 deletions to 3 objects
23:38:46.111 [main] DEBUG org.hibernate.event.internal.AbstractFlushingEventListener - Flushed: 0 (re)creations, 0 updates, 0 removals to 0 collections
23:38:46.112 [main] DEBUG org.hibernate.internal.util.EntityPrinter - Listing entities:
23:38:46.112 [main] DEBUG org.hibernate.internal.util.EntityPrinter - org.cms.jposee.entity.IsoTransactionAudit{newValue=PROCESSED, reason=Authorization approved, fieldName=status, notes=null, ipAddress=10.0.0.1, sessionId=PROCESSOR_SESSION_001, complianceVerified=true, createdAt=2026-04-21T23:38:46.069646385, isoTransactionId=2912, complianceNotes=null, changedBy=PROCESSOR, action=SEND_RESPONSE, id=42, oldValue=RECEIVED}
23:38:46.112 [main] DEBUG org.hibernate.internal.util.EntityPrinter - org.cms.jposee.entity.IsoTransactionAudit{newValue=RECEIVED, reason=Initial request from POS terminal, fieldName=status, notes=null, ipAddress=192.168.1.100, sessionId=POS_SESSION_001, complianceVerified=true, createdAt=2026-04-21T23:38:46.062805452, isoTransactionId=2912, complianceNotes=null, changedBy=POS_SYSTEM, action=RECEIVE_REQUEST, id=41, oldValue=null}
23:38:46.112 [main] DEBUG org.hibernate.internal.util.EntityPrinter - org.cms.jposee.entity.IsoTransaction{rawResponse={"ResponseCode":"00","RRN":"RRN987654","AuthId":"AUTH01"}, processingCode=000000, terminalId=ATM001, complianceChecked=true, merchantName=Main Street Store, responseCode=00, createdAt=2026-04-21T23:38:46.058641006, rawRequest={"MTI":"0100","ProcessingCode":"000000","Amount":"15075","Currency":"840","STAN":"123456","PAN":"4532123456789123","Terminal":"ATM001","Merchant":"MERCHANT_MAINST","Timestamp":"2026-04-21T23:38:46.058411394"}, merchantId=MERCHANT_MAINST, id=2912, pan=453212****9123, updatedAt=2026-04-21T23:38:46.078216964, amount=150.75, mti=0100, updatedBy=PROCSSR, retryCount=0, errorMessage=null, ipAddress=192.168.1.100, panMasked=453212****9123, sessionId=POS_SESSION_001, rrn=RRN987654, createdBy=POS_SYSTEM, authIdResp=AUTH01, stan=123456, currencyCode=840, sensitiveDataEncrypted=true, status=PROCESSED}
23:38:46.112 [main] DEBUG org.hibernate.SQL - 
    /* SELECT
        a 
    FROM
        IsoTransactionAudit a 
    WHERE
        a.isoTransactionId = :txnId 
    ORDER BY
        a.createdAt ASC */ select
            isotransac0_.id as id1_1_,
            isotransac0_.action as action2_1_,
            isotransac0_.changed_by as changed_3_1_,
            isotransac0_.compliance_notes as complian4_1_,
            isotransac0_.compliance_verified as complian5_1_,
            isotransac0_.created_at as created_6_1_,
            isotransac0_.field_name as field_na7_1_,
            isotransac0_.ip_address as ip_addre8_1_,
            isotransac0_.iso_transaction_id as iso_tran9_1_,
            isotransac0_.new_value as new_val10_1_,
            isotransac0_.notes as notes11_1_,
            isotransac0_.old_value as old_val12_1_,
            isotransac0_.reason as reason13_1_,
            isotransac0_.session_id as session14_1_ 
        from
            public.iso_transactions_audit isotransac0_ 
        where
            isotransac0_.iso_transaction_id=? 
        order by
            isotransac0_.created_at ASC
23:38:46.115 [main] DEBUG org.hibernate.loader.Loader - Result set row: 0
23:38:46.115 [main] DEBUG org.hibernate.loader.Loader - Result row: EntityKey[org.cms.jposee.entity.IsoTransactionAudit#41]
23:38:46.115 [main] DEBUG org.hibernate.loader.Loader - Result set row: 1
23:38:46.116 [main] DEBUG org.hibernate.loader.Loader - Result row: EntityKey[org.cms.jposee.entity.IsoTransactionAudit#42]
23:38:46.116 [main] DEBUG org.cms.jposee.repository.impl.IsoTransactionAuditRepositoryImpl - Found 2 audit records for transaction 2912

PCI-DSS Requirement 10.1 - Audit Trail:
  Total Audit Entries: 2

PCI-DSS Requirement 10.2 - User Tracking:
  Entry #41:
    - Action: RECEIVE_REQUEST
    - Changed By: POS_SYSTEM
    - IP Address: 192.168.1.100
    - Session ID: POS_SESSION_001
    - Timestamp: 2026-04-21T23:38:46.062805452
  Entry #42:
    - Action: SEND_RESPONSE
    - Changed By: PROCESSOR
    - IP Address: 10.0.0.1
    - Session ID: PROCESSOR_SESSION_001
    - Timestamp: 2026-04-21T23:38:46.069646385

PCI-DSS Requirement 10.3 - Change Accountability:
  Audit entries properly record:
    ✓ What changed (Field: status)
    ✓ Who changed it (ChangedBy)
    ✓ When it changed (CreatedAt timestamp)
    ✓ Where from (IpAddress)
    ✓ Why it changed (Reason)
    ✓ User session (SessionId)

========== TEST RESULT ==========
✅ POS Purchase Transaction Flow: PASSED
✅ Database Persistence: VERIFIED
✅ Audit Trail Creation: VERIFIED
✅ PCI-DSS Compliance: VERIFIED
=================================

23:38:46.116 [main] DEBUG org.hibernate.internal.SessionFactoryImpl - HHH000031: Closing
23:38:46.116 [main] DEBUG org.hibernate.type.spi.TypeConfiguration$Scope - Un-scoping TypeConfiguration [org.hibernate.type.spi.TypeConfiguration$Scope@27da994b] from SessionFactory [org.hibernate.internal.SessionFactoryImpl@6de43bc1]
23:38:46.117 [main] DEBUG org.hibernate.service.internal.AbstractServiceRegistryImpl - Implicitly destroying ServiceRegistry on de-registration of all child ServiceRegistries
23:38:46.117 [Resource Destroyer in BasicResourcePool.close()] DEBUG com.mchange.v2.resourcepool.BasicResourcePool - Preparing to destroy resource: com.mchange.v2.c3p0.impl.NewPooledConnection@5482efd2
23:38:46.117 [Resource Destroyer in BasicResourcePool.close()] DEBUG com.mchange.v2.c3p0.impl.C3P0PooledConnectionPool - Preparing to destroy PooledConnection: com.mchange.v2.c3p0.impl.NewPooledConnection@5482efd2
23:38:46.117 [main] DEBUG com.mchange.v2.c3p0.management.ActiveManagementCoordinator - MBean: com.mchange.v2.c3p0:type=PooledDataSource,identityToken=z8kfsxbh1ddt00d17355q1|17ff8810,name=z8kfsxbh1ddt00d17355q1|17ff8810 unregistered.
23:38:46.118 [main] DEBUG com.mchange.v2.c3p0.management.ActiveManagementCoordinator - C3P0Registry mbean unregistered.
23:38:46.118 [main] DEBUG org.hibernate.boot.registry.internal.BootstrapServiceRegistryImpl - Implicitly destroying Boot-strap registry on de-registration of all child ServiceRegistries
23:38:46.118 [Resource Destroyer in BasicResourcePool.close()] DEBUG com.mchange.v2.c3p0.impl.C3P0PooledConnectionPool - Successfully destroyed PooledConnection: com.mchange.v2.c3p0.impl.NewPooledConnection@5482efd2
23:38:46.118 [Resource Destroyer in BasicResourcePool.close()] DEBUG com.mchange.v2.resourcepool.BasicResourcePool - Successfully destroyed resource: com.mchange.v2.c3p0.impl.NewPooledConnection@5482efd2
23:38:46.118 [Resource Destroyer in BasicResourcePool.close()] DEBUG com.mchange.v2.resourcepool.BasicResourcePool - Preparing to destroy resource: com.mchange.v2.c3p0.impl.NewPooledConnection@7ac83cd2
23:38:46.118 [Resource Destroyer in BasicResourcePool.close()] DEBUG com.mchange.v2.c3p0.impl.C3P0PooledConnectionPool - Preparing to destroy PooledConnection: com.mchange.v2.c3p0.impl.NewPooledConnection@7ac83cd2
23:38:46.118 [Resource Destroyer in BasicResourcePool.close()] DEBUG com.mchange.v2.c3p0.impl.C3P0PooledConnectionPool - Successfully destroyed PooledConnection: com.mchange.v2.c3p0.impl.NewPooledConnection@7ac83cd2
23:38:46.118 [Resource Destroyer in BasicResourcePool.close()] DEBUG com.mchange.v2.resourcepool.BasicResourcePool - Successfully destroyed resource: com.mchange.v2.c3p0.impl.NewPooledConnection@7ac83cd2
23:38:46.118 [Resource Destroyer in BasicResourcePool.close()] DEBUG com.mchange.v2.resourcepool.BasicResourcePool - Preparing to destroy resource: com.mchange.v2.c3p0.impl.NewPooledConnection@49f6cbcd
23:38:46.118 [Resource Destroyer in BasicResourcePool.close()] DEBUG com.mchange.v2.c3p0.impl.C3P0PooledConnectionPool - Preparing to destroy PooledConnection: com.mchange.v2.c3p0.impl.NewPooledConnection@49f6cbcd
23:38:46.118 [Resource Destroyer in BasicResourcePool.close()] DEBUG com.mchange.v2.c3p0.impl.C3P0PooledConnectionPool - Successfully destroyed PooledConnection: com.mchange.v2.c3p0.impl.NewPooledConnection@49f6cbcd
23:38:46.118 [Resource Destroyer in BasicResourcePool.close()] DEBUG com.mchange.v2.resourcepool.BasicResourcePool - Successfully destroyed resource: com.mchange.v2.c3p0.impl.NewPooledConnection@49f6cbcd
23:38:46.118 [Resource Destroyer in BasicResourcePool.close()] DEBUG com.mchange.v2.resourcepool.BasicResourcePool - Preparing to destroy resource: com.mchange.v2.c3p0.impl.NewPooledConnection@3bf536e9
23:38:46.118 [Resource Destroyer in BasicResourcePool.close()] DEBUG com.mchange.v2.c3p0.impl.C3P0PooledConnectionPool - Preparing to destroy PooledConnection: com.mchange.v2.c3p0.impl.NewPooledConnection@3bf536e9
23:38:46.118 [Resource Destroyer in BasicResourcePool.close()] DEBUG com.mchange.v2.c3p0.impl.C3P0PooledConnectionPool - Successfully destroyed PooledConnection: com.mchange.v2.c3p0.impl.NewPooledConnection@3bf536e9
23:38:46.118 [Resource Destroyer in BasicResourcePool.close()] DEBUG com.mchange.v2.resourcepool.BasicResourcePool - Successfully destroyed resource: com.mchange.v2.c3p0.impl.NewPooledConnection@3bf536e9
23:38:46.118 [Resource Destroyer in BasicResourcePool.close()] DEBUG com.mchange.v2.resourcepool.BasicResourcePool - Preparing to destroy resource: com.mchange.v2.c3p0.impl.NewPooledConnection@8cbc1f6
23:38:46.118 [Resource Destroyer in BasicResourcePool.close()] DEBUG com.mchange.v2.c3p0.impl.C3P0PooledConnectionPool - Preparing to destroy PooledConnection: com.mchange.v2.c3p0.impl.NewPooledConnection@8cbc1f6
]]></system-out>
  </testcase>
</testsuite>