<?xml version="1.0" encoding="UTF-8"?>
<testsuite xmlns:xsi="http://www.w3.org/2001/XMLSchema-instance" xsi:noNamespaceSchemaLocation="https://maven.apache.org/surefire/maven-surefire-plugin/xsd/surefire-test-report.xsd" name="org.cms.jpos.ISOMessageHandlerTest" time="0.046" tests="10" errors="0" skipped="0" failures="0">
  <properties>
[...]
</properties>
  <testcase name="testFinancialTransaction_SuccessfulWithdrawal" classname="org.cms.jpos.ISOMessageHandlerTest" time="0.008"/>
  <testcase name="testMultipleTransactions_StressTest" classname="org.cms.jpos.ISOMessageHandlerTest" time="0"/>
  <testcase name="testBalanceInquiry_CheckBalance" classname="org.cms.jpos.ISOMessageHandlerTest" time="0"/>
  <testcase name="testInvalidMessageType_ErrorHandling" classname="org.cms.jpos.ISOMessageHandlerTest" time="0"/>
  <testcase name="testProcessMessage_GenericHandler" classname="org.cms.jpos.ISOMessageHandlerTest" time="0"/>
  <testcase name="testEchoTest_ConnectivityCheck" classname="org.cms.jpos.ISOMessageHandlerTest" time="0.001"/>
  <testcase name="testPINChange_UpdatePIN" classname="org.cms.jpos.ISOMessageHandlerTest" time="0"/>
  <testcase name="testLogoff_CloseSession" classname="org.cms.jpos.ISOMessageHandlerTest" time="0"/>
  <testcase name="testTransactionReversal_ReverseFailedTransaction" classname="org.cms.jpos.ISOMessageHandlerTest" time="0"/>
  <testcase name="testAuthorizationRequest_ValidPayment" classname="org.cms.jpos.ISOMessageHandlerTest" time="0.001"/>
</testsuite>